{"/Users/user/Documents/Tehnical-Assigments/Tasky/tasky/src/app.module.ts": {"path":"/Users/user/Documents/Tehnical-Assigments/Tasky/tasky/src/app.module.ts","statementMap":{"0":{"start":{"line":1,"column":0},"end":{"line":1,"column":83}},"1":{"start":{"line":3,"column":0},"end":{"line":3,"column":48}},"2":{"start":{"line":5,"column":0},"end":{"line":5,"column":48}},"3":{"start":{"line":6,"column":0},"end":{"line":6,"column":51}},"4":{"start":{"line":7,"column":0},"end":{"line":7,"column":60}},"5":{"start":{"line":8,"column":0},"end":{"line":8,"column":53}},"6":{"start":{"line":12,"column":19},"end":{"line":12,"column":66}},"7":{"start":{"line":28,"column":7},"end":{"line":30,"column":null}},"8":{"start":{"line":28,"column":13},"end":{"line":30,"column":null}},"9":{"start":{"line":28,"column":13},"end":{"line":28,"column":22}}},"fnMap":{},"branchMap":{},"s":{"0":0,"1":0,"2":0,"3":0,"4":0,"5":0,"6":0,"7":0,"8":0,"9":0},"f":{},"b":{}}
,"/Users/user/Documents/Tehnical-Assigments/Tasky/tasky/src/main.ts": {"path":"/Users/user/Documents/Tehnical-Assigments/Tasky/tasky/src/main.ts","statementMap":{"0":{"start":{"line":1,"column":0},"end":{"line":1,"column":34}},"1":{"start":{"line":3,"column":0},"end":{"line":3,"column":43}},"2":{"start":{"line":4,"column":0},"end":{"line":4,"column":41}},"3":{"start":{"line":7,"column":14},"end":{"line":7,"column":49}},"4":{"start":{"line":8,"column":2},"end":{"line":8,"column":9}},"5":{"start":{"line":15,"column":2},"end":{"line":15,"column":null}},"6":{"start":{"line":16,"column":2},"end":{"line":16,"column":25}},"7":{"start":{"line":18,"column":0},"end":{"line":18,"column":12}}},"fnMap":{"0":{"name":"bootstrap","decl":{"start":{"line":6,"column":15},"end":{"line":6,"column":24}},"loc":{"start":{"line":6,"column":24},"end":{"line":17,"column":1}}}},"branchMap":{},"s":{"0":0,"1":0,"2":0,"3":0,"4":0,"5":0,"6":0,"7":0},"f":{"0":0},"b":{}}
,"/Users/user/Documents/Tehnical-Assigments/Tasky/tasky/src/db/data-source.ts": {"path":"/Users/user/Documents/Tehnical-Assigments/Tasky/tasky/src/db/data-source.ts","statementMap":{"0":{"start":{"line":1,"column":0},"end":{"line":1,"column":56}},"1":{"start":{"line":5,"column":0},"end":{"line":27,"column":null}},"2":{"start":{"line":6,"column":7},"end":{"line":15,"column":null}},"3":{"start":{"line":17,"column":7},"end":{"line":26,"column":null}},"4":{"start":{"line":31,"column":19},"end":{"line":31,"column":52}},"5":{"start":{"line":35,"column":0},"end":{"line":35,"column":null}}},"fnMap":{},"branchMap":{"0":{"loc":{"start":{"line":5,"column":0},"end":{"line":27,"column":null}},"type":"if","locations":[{"start":{"line":5,"column":0},"end":{"line":27,"column":null}},{"start":{"line":16,"column":5},"end":{"line":27,"column":null}}]}},"s":{"0":0,"1":0,"2":0,"3":0,"4":0,"5":0},"f":{},"b":{"0":[0,0]}}
,"/Users/user/Documents/Tehnical-Assigments/Tasky/tasky/src/db/migrations/1672275510817-migration.ts": {"path":"/Users/user/Documents/Tehnical-Assigments/Tasky/tasky/src/db/migrations/1672275510817-migration.ts","statementMap":{"0":{"start":{"line":4,"column":4},"end":{"line":4,"column":null}},"1":{"start":{"line":7,"column":8},"end":{"line":7,"column":114}},"2":{"start":{"line":8,"column":8},"end":{"line":8,"column":207}},"3":{"start":{"line":9,"column":8},"end":{"line":9,"column":null}},"4":{"start":{"line":10,"column":8},"end":{"line":10,"column":102}},"5":{"start":{"line":11,"column":8},"end":{"line":11,"column":452}},"6":{"start":{"line":12,"column":8},"end":{"line":12,"column":111}},"7":{"start":{"line":13,"column":8},"end":{"line":13,"column":453}},"8":{"start":{"line":14,"column":8},"end":{"line":14,"column":329}},"9":{"start":{"line":15,"column":8},"end":{"line":15,"column":214}},"10":{"start":{"line":16,"column":8},"end":{"line":16,"column":123}},"11":{"start":{"line":17,"column":8},"end":{"line":17,"column":120}},"12":{"start":{"line":18,"column":8},"end":{"line":18,"column":191}},"13":{"start":{"line":19,"column":8},"end":{"line":19,"column":193}},"14":{"start":{"line":20,"column":8},"end":{"line":20,"column":194}},"15":{"start":{"line":21,"column":8},"end":{"line":21,"column":195}},"16":{"start":{"line":22,"column":8},"end":{"line":22,"column":197}},"17":{"start":{"line":23,"column":8},"end":{"line":23,"column":209}},"18":{"start":{"line":24,"column":8},"end":{"line":24,"column":203}},"19":{"start":{"line":28,"column":8},"end":{"line":28,"column":119}},"20":{"start":{"line":29,"column":8},"end":{"line":29,"column":119}},"21":{"start":{"line":30,"column":8},"end":{"line":30,"column":107}},"22":{"start":{"line":31,"column":8},"end":{"line":31,"column":104}},"23":{"start":{"line":32,"column":8},"end":{"line":32,"column":104}},"24":{"start":{"line":33,"column":8},"end":{"line":33,"column":104}},"25":{"start":{"line":34,"column":8},"end":{"line":34,"column":104}},"26":{"start":{"line":35,"column":8},"end":{"line":35,"column":88}},"27":{"start":{"line":36,"column":8},"end":{"line":36,"column":88}},"28":{"start":{"line":37,"column":8},"end":{"line":37,"column":69}},"29":{"start":{"line":38,"column":8},"end":{"line":38,"column":57}},"30":{"start":{"line":39,"column":8},"end":{"line":39,"column":54}},"31":{"start":{"line":40,"column":8},"end":{"line":40,"column":76}},"32":{"start":{"line":41,"column":8},"end":{"line":41,"column":54}},"33":{"start":{"line":42,"column":8},"end":{"line":42,"column":74}},"34":{"start":{"line":43,"column":8},"end":{"line":43,"column":54}},"35":{"start":{"line":44,"column":8},"end":{"line":44,"column":72}},"36":{"start":{"line":3,"column":0},"end":{"line":3,"column":13}}},"fnMap":{"0":{"name":"(anonymous_0)","decl":{"start":{"line":3,"column":0},"end":{"line":3,"column":13}},"loc":{"start":{"line":3,"column":0},"end":{"line":47,"column":1}}},"1":{"name":"(anonymous_1)","decl":{"start":{"line":6,"column":11},"end":{"line":6,"column":16}},"loc":{"start":{"line":6,"column":44},"end":{"line":25,"column":5}}},"2":{"name":"(anonymous_2)","decl":{"start":{"line":27,"column":11},"end":{"line":27,"column":16}},"loc":{"start":{"line":27,"column":46},"end":{"line":45,"column":5}}}},"branchMap":{},"s":{"0":0,"1":0,"2":0,"3":0,"4":0,"5":0,"6":0,"7":0,"8":0,"9":0,"10":0,"11":0,"12":0,"13":0,"14":0,"15":0,"16":0,"17":0,"18":0,"19":0,"20":0,"21":0,"22":0,"23":0,"24":0,"25":0,"26":0,"27":0,"28":0,"29":0,"30":0,"31":0,"32":0,"33":0,"34":0,"35":0,"36":0},"f":{"0":0,"1":0,"2":0},"b":{}}
,"/Users/user/Documents/Tehnical-Assigments/Tasky/tasky/src/db/seeders/user.seeder.ts": {"path":"/Users/user/Documents/Tehnical-Assigments/Tasky/tasky/src/db/seeders/user.seeder.ts","statementMap":{"0":{"start":{"line":1,"column":0},"end":{"line":1,"column":54}},"1":{"start":{"line":2,"column":0},"end":{"line":2,"column":57}},"2":{"start":{"line":3,"column":0},"end":{"line":3,"column":57}},"3":{"start":{"line":4,"column":0},"end":{"line":4,"column":56}},"4":{"start":{"line":5,"column":0},"end":{"line":5,"column":56}},"5":{"start":{"line":11,"column":22},"end":{"line":11,"column":38}},"6":{"start":{"line":12,"column":8},"end":{"line":12,"column":21}},"7":{"start":{"line":13,"column":8},"end":{"line":13,"column":40}},"8":{"start":{"line":15,"column":22},"end":{"line":15,"column":38}},"9":{"start":{"line":16,"column":8},"end":{"line":16,"column":33}},"10":{"start":{"line":17,"column":8},"end":{"line":17,"column":35}},"11":{"start":{"line":18,"column":8},"end":{"line":18,"column":47}},"12":{"start":{"line":19,"column":8},"end":{"line":19,"column":31}},"13":{"start":{"line":20,"column":8},"end":{"line":20,"column":41}},"14":{"start":{"line":22,"column":36},"end":{"line":22,"column":43}},"15":{"start":{"line":24,"column":8},"end":{"line":24,"column":63}},"16":{"start":{"line":8,"column":0},"end":{"line":8,"column":21}}},"fnMap":{"0":{"name":"(anonymous_0)","decl":{"start":{"line":9,"column":4},"end":{"line":9,"column":9}},"loc":{"start":{"line":9,"column":36},"end":{"line":26,"column":5}}}},"branchMap":{},"s":{"0":0,"1":0,"2":0,"3":0,"4":0,"5":0,"6":0,"7":0,"8":0,"9":0,"10":0,"11":0,"12":0,"13":0,"14":0,"15":0,"16":0},"f":{"0":0},"b":{}}
,"/Users/user/Documents/Tehnical-Assigments/Tasky/tasky/src/projects/projects.controller.ts": {"path":"/Users/user/Documents/Tehnical-Assigments/Tasky/tasky/src/projects/projects.controller.ts","statementMap":{"0":{"start":{"line":1,"column":0},"end":{"line":1,"column":null}},"1":{"start":{"line":15,"column":0},"end":{"line":15,"column":59}},"2":{"start":{"line":16,"column":0},"end":{"line":16,"column":56}},"3":{"start":{"line":17,"column":0},"end":{"line":17,"column":56}},"4":{"start":{"line":18,"column":0},"end":{"line":18,"column":55}},"5":{"start":{"line":19,"column":0},"end":{"line":19,"column":60}},"6":{"start":{"line":20,"column":0},"end":{"line":20,"column":53}},"7":{"start":{"line":28,"column":7},"end":{"line":78,"column":null}},"8":{"start":{"line":29,"column":33},"end":{"line":29,"column":49}},"9":{"start":{"line":35,"column":8},"end":{"line":35,"column":73}},"10":{"start":{"line":45,"column":8},"end":{"line":45,"column":null}},"11":{"start":{"line":52,"column":8},"end":{"line":52,"column":94}},"12":{"start":{"line":63,"column":12},"end":{"line":63,"column":46}},"13":{"start":{"line":64,"column":12},"end":{"line":67,"column":25}},"14":{"start":{"line":74,"column":8},"end":{"line":74,"column":null}},"15":{"start":{"line":34,"column":10},"end":{"line":36,"column":null}},"16":{"start":{"line":43,"column":10},"end":{"line":46,"column":null}},"17":{"start":{"line":51,"column":10},"end":{"line":55,"column":null}},"18":{"start":{"line":59,"column":10},"end":{"line":68,"column":null}},"19":{"start":{"line":73,"column":10},"end":{"line":75,"column":null}},"20":{"start":{"line":28,"column":13},"end":{"line":78,"column":null}},"21":{"start":{"line":28,"column":13},"end":{"line":28,"column":31}}},"fnMap":{"0":{"name":"(anonymous_4)","decl":{"start":{"line":29,"column":4},"end":{"line":29,"column":33}},"loc":{"start":{"line":29,"column":64},"end":{"line":29,"column":67}}},"1":{"name":"(anonymous_5)","decl":{"start":{"line":34,"column":4},"end":{"line":34,"column":9}},"loc":{"start":{"line":34,"column":66},"end":{"line":36,"column":5}}},"2":{"name":"(anonymous_6)","decl":{"start":{"line":43,"column":4},"end":{"line":43,"column":9}},"loc":{"start":{"line":43,"column":102},"end":{"line":46,"column":5}}},"3":{"name":"(anonymous_7)","decl":{"start":{"line":51,"column":4},"end":{"line":51,"column":9}},"loc":{"start":{"line":51,"column":90},"end":{"line":55,"column":5}}},"4":{"name":"(anonymous_8)","decl":{"start":{"line":59,"column":4},"end":{"line":59,"column":9}},"loc":{"start":{"line":62,"column":82},"end":{"line":68,"column":5}}},"5":{"name":"(anonymous_9)","decl":{"start":{"line":73,"column":4},"end":{"line":73,"column":9}},"loc":{"start":{"line":73,"column":59},"end":{"line":75,"column":5}}}},"branchMap":{"0":{"loc":{"start":{"line":61,"column":62},"end":{"line":61,"column":78}},"type":"default-arg","locations":[{"start":{"line":61,"column":77},"end":{"line":61,"column":78}}]},"1":{"loc":{"start":{"line":62,"column":64},"end":{"line":62,"column":82}},"type":"default-arg","locations":[{"start":{"line":62,"column":80},"end":{"line":62,"column":82}}]},"2":{"loc":{"start":{"line":63,"column":20},"end":{"line":63,"column":45}},"type":"cond-expr","locations":[{"start":{"line":63,"column":34},"end":{"line":63,"column":37}},{"start":{"line":63,"column":40},"end":{"line":63,"column":45}}]}},"s":{"0":1,"1":1,"2":1,"3":1,"4":1,"5":1,"6":1,"7":1,"8":6,"9":1,"10":1,"11":1,"12":1,"13":1,"14":1,"15":1,"16":1,"17":1,"18":1,"19":1,"20":1,"21":1},"f":{"0":6,"1":1,"2":1,"3":1,"4":1,"5":1},"b":{"0":[0],"1":[0],"2":[0,1]}}
,"/Users/user/Documents/Tehnical-Assigments/Tasky/tasky/src/projects/projects.module.ts": {"path":"/Users/user/Documents/Tehnical-Assigments/Tasky/tasky/src/projects/projects.module.ts","statementMap":{"0":{"start":{"line":1,"column":0},"end":{"line":1,"column":40}},"1":{"start":{"line":2,"column":0},"end":{"line":2,"column":53}},"2":{"start":{"line":3,"column":0},"end":{"line":3,"column":59}},"3":{"start":{"line":4,"column":0},"end":{"line":4,"column":48}},"4":{"start":{"line":5,"column":0},"end":{"line":5,"column":58}},"5":{"start":{"line":6,"column":0},"end":{"line":6,"column":57}},"6":{"start":{"line":7,"column":0},"end":{"line":7,"column":60}},"7":{"start":{"line":8,"column":0},"end":{"line":8,"column":53}},"8":{"start":{"line":15,"column":7},"end":{"line":15,"column":null}},"9":{"start":{"line":15,"column":13},"end":{"line":15,"column":null}},"10":{"start":{"line":15,"column":13},"end":{"line":15,"column":27}}},"fnMap":{},"branchMap":{},"s":{"0":0,"1":0,"2":0,"3":0,"4":0,"5":0,"6":0,"7":0,"8":0,"9":0,"10":0},"f":{},"b":{}}
,"/Users/user/Documents/Tehnical-Assigments/Tasky/tasky/src/projects/projects.service.ts": {"path":"/Users/user/Documents/Tehnical-Assigments/Tasky/tasky/src/projects/projects.service.ts","statementMap":{"0":{"start":{"line":1,"column":0},"end":{"line":1,"column":71}},"1":{"start":{"line":2,"column":0},"end":{"line":2,"column":51}},"2":{"start":{"line":3,"column":0},"end":{"line":3,"column":83}},"3":{"start":{"line":4,"column":0},"end":{"line":4,"column":59}},"4":{"start":{"line":5,"column":0},"end":{"line":5,"column":56}},"5":{"start":{"line":6,"column":0},"end":{"line":6,"column":55}},"6":{"start":{"line":7,"column":0},"end":{"line":7,"column":65}},"7":{"start":{"line":9,"column":0},"end":{"line":9,"column":58}},"8":{"start":{"line":12,"column":7},"end":{"line":159,"column":null}},"9":{"start":{"line":16,"column":25},"end":{"line":16,"column":44}},"10":{"start":{"line":18,"column":25},"end":{"line":18,"column":41}},"11":{"start":{"line":20,"column":25},"end":{"line":20,"column":41}},"12":{"start":{"line":25,"column":42},"end":{"line":25,"column":62}},"13":{"start":{"line":26,"column":26},"end":{"line":29,"column":42}},"14":{"start":{"line":31,"column":8},"end":{"line":33,"column":null}},"15":{"start":{"line":32,"column":12},"end":{"line":32,"column":91}},"16":{"start":{"line":35,"column":8},"end":{"line":35,"column":48}},"17":{"start":{"line":37,"column":8},"end":{"line":39,"column":null}},"18":{"start":{"line":38,"column":12},"end":{"line":38,"column":null}},"19":{"start":{"line":41,"column":24},"end":{"line":41,"column":73}},"20":{"start":{"line":43,"column":8},"end":{"line":43,"column":46}},"21":{"start":{"line":45,"column":8},"end":{"line":45,"column":null}},"22":{"start":{"line":47,"column":8},"end":{"line":47,"column":61}},"23":{"start":{"line":52,"column":24},"end":{"line":56,"column":10}},"24":{"start":{"line":57,"column":8},"end":{"line":59,"column":null}},"25":{"start":{"line":58,"column":12},"end":{"line":58,"column":82}},"26":{"start":{"line":61,"column":8},"end":{"line":63,"column":null}},"27":{"start":{"line":62,"column":12},"end":{"line":62,"column":96}},"28":{"start":{"line":65,"column":8},"end":{"line":65,"column":45}},"29":{"start":{"line":67,"column":8},"end":{"line":70,"column":null}},"30":{"start":{"line":68,"column":12},"end":{"line":68,"column":33}},"31":{"start":{"line":69,"column":12},"end":{"line":69,"column":62}},"32":{"start":{"line":72,"column":8},"end":{"line":74,"column":null}},"33":{"start":{"line":73,"column":12},"end":{"line":73,"column":62}},"34":{"start":{"line":76,"column":24},"end":{"line":76,"column":73}},"35":{"start":{"line":77,"column":8},"end":{"line":79,"column":null}},"36":{"start":{"line":78,"column":12},"end":{"line":78,"column":127}},"37":{"start":{"line":81,"column":8},"end":{"line":81,"column":62}},"38":{"start":{"line":83,"column":8},"end":{"line":83,"column":32}},"39":{"start":{"line":85,"column":8},"end":{"line":85,"column":58}},"40":{"start":{"line":91,"column":8},"end":{"line":93,"column":null}},"41":{"start":{"line":92,"column":12},"end":{"line":92,"column":96}},"42":{"start":{"line":95,"column":8},"end":{"line":99,"column":31}},"43":{"start":{"line":104,"column":8},"end":{"line":109,"column":null}},"44":{"start":{"line":105,"column":37},"end":{"line":107,"column":74}},"45":{"start":{"line":108,"column":12},"end":{"line":108,"column":53}},"46":{"start":{"line":111,"column":32},"end":{"line":113,"column":75}},"47":{"start":{"line":115,"column":8},"end":{"line":115,"column":49}},"48":{"start":{"line":120,"column":8},"end":{"line":120,"column":55}},"49":{"start":{"line":125,"column":23},"end":{"line":128,"column":37}},"50":{"start":{"line":129,"column":8},"end":{"line":131,"column":null}},"51":{"start":{"line":130,"column":12},"end":{"line":130,"column":115}},"52":{"start":{"line":138,"column":24},"end":{"line":141,"column":34}},"53":{"start":{"line":143,"column":8},"end":{"line":145,"column":null}},"54":{"start":{"line":144,"column":12},"end":{"line":144,"column":127}},"55":{"start":{"line":147,"column":8},"end":{"line":147,"column":23}},"56":{"start":{"line":152,"column":8},"end":{"line":155,"column":null}},"57":{"start":{"line":12,"column":13},"end":{"line":159,"column":null}},"58":{"start":{"line":12,"column":13},"end":{"line":12,"column":28}}},"fnMap":{"0":{"name":"(anonymous_4)","decl":{"start":{"line":14,"column":4},"end":{"line":14,"column":null}},"loc":{"start":{"line":20,"column":64},"end":{"line":21,"column":7}}},"1":{"name":"(anonymous_5)","decl":{"start":{"line":24,"column":4},"end":{"line":24,"column":9}},"loc":{"start":{"line":24,"column":57},"end":{"line":48,"column":5}}},"2":{"name":"(anonymous_6)","decl":{"start":{"line":51,"column":4},"end":{"line":51,"column":9}},"loc":{"start":{"line":51,"column":68},"end":{"line":86,"column":5}}},"3":{"name":"(anonymous_7)","decl":{"start":{"line":89,"column":4},"end":{"line":89,"column":9}},"loc":{"start":{"line":89,"column":83},"end":{"line":100,"column":6}}},"4":{"name":"(anonymous_8)","decl":{"start":{"line":103,"column":4},"end":{"line":103,"column":9}},"loc":{"start":{"line":103,"column":52},"end":{"line":116,"column":5}}},"5":{"name":"(anonymous_9)","decl":{"start":{"line":119,"column":4},"end":{"line":119,"column":9}},"loc":{"start":{"line":119,"column":33},"end":{"line":121,"column":5}}},"6":{"name":"(anonymous_10)","decl":{"start":{"line":124,"column":4},"end":{"line":124,"column":9}},"loc":{"start":{"line":124,"column":34},"end":{"line":134,"column":5}}},"7":{"name":"(anonymous_11)","decl":{"start":{"line":137,"column":4},"end":{"line":137,"column":9}},"loc":{"start":{"line":137,"column":30},"end":{"line":148,"column":5}}},"8":{"name":"(anonymous_12)","decl":{"start":{"line":151,"column":4},"end":{"line":151,"column":9}},"loc":{"start":{"line":151,"column":58},"end":{"line":156,"column":5}}}},"branchMap":{"0":{"loc":{"start":{"line":31,"column":8},"end":{"line":33,"column":null}},"type":"if","locations":[{"start":{"line":31,"column":8},"end":{"line":33,"column":null}}]},"1":{"loc":{"start":{"line":37,"column":8},"end":{"line":39,"column":null}},"type":"if","locations":[{"start":{"line":37,"column":8},"end":{"line":39,"column":null}}]},"2":{"loc":{"start":{"line":57,"column":8},"end":{"line":59,"column":null}},"type":"if","locations":[{"start":{"line":57,"column":8},"end":{"line":59,"column":null}}]},"3":{"loc":{"start":{"line":61,"column":8},"end":{"line":63,"column":null}},"type":"if","locations":[{"start":{"line":61,"column":8},"end":{"line":63,"column":null}}]},"4":{"loc":{"start":{"line":67,"column":8},"end":{"line":70,"column":null}},"type":"if","locations":[{"start":{"line":67,"column":8},"end":{"line":70,"column":null}}]},"5":{"loc":{"start":{"line":72,"column":8},"end":{"line":74,"column":null}},"type":"if","locations":[{"start":{"line":72,"column":8},"end":{"line":74,"column":null}}]},"6":{"loc":{"start":{"line":77,"column":8},"end":{"line":79,"column":null}},"type":"if","locations":[{"start":{"line":77,"column":8},"end":{"line":79,"column":null}}]},"7":{"loc":{"start":{"line":91,"column":8},"end":{"line":93,"column":null}},"type":"if","locations":[{"start":{"line":91,"column":8},"end":{"line":93,"column":null}}]},"8":{"loc":{"start":{"line":104,"column":8},"end":{"line":109,"column":null}},"type":"if","locations":[{"start":{"line":104,"column":8},"end":{"line":109,"column":null}}]},"9":{"loc":{"start":{"line":129,"column":8},"end":{"line":131,"column":null}},"type":"if","locations":[{"start":{"line":129,"column":8},"end":{"line":131,"column":null}}]},"10":{"loc":{"start":{"line":143,"column":8},"end":{"line":145,"column":null}},"type":"if","locations":[{"start":{"line":143,"column":8},"end":{"line":145,"column":null}}]}},"s":{"0":1,"1":1,"2":1,"3":1,"4":1,"5":1,"6":1,"7":1,"8":1,"9":0,"10":0,"11":0,"12":0,"13":0,"14":0,"15":0,"16":0,"17":0,"18":0,"19":0,"20":0,"21":0,"22":0,"23":0,"24":0,"25":0,"26":0,"27":0,"28":0,"29":0,"30":0,"31":0,"32":0,"33":0,"34":0,"35":0,"36":0,"37":0,"38":0,"39":0,"40":0,"41":0,"42":0,"43":0,"44":0,"45":0,"46":0,"47":0,"48":0,"49":0,"50":0,"51":0,"52":0,"53":0,"54":0,"55":0,"56":0,"57":1,"58":1},"f":{"0":0,"1":0,"2":0,"3":0,"4":0,"5":0,"6":0,"7":0,"8":0},"b":{"0":[0],"1":[0],"2":[0],"3":[0],"4":[0],"5":[0],"6":[0],"7":[0],"8":[0],"9":[0],"10":[0]}}
,"/Users/user/Documents/Tehnical-Assigments/Tasky/tasky/src/projects/dto/create.project.dto.ts": {"path":"/Users/user/Documents/Tehnical-Assigments/Tasky/tasky/src/projects/dto/create.project.dto.ts","statementMap":{"0":{"start":{"line":1,"column":0},"end":{"line":1,"column":78}},"1":{"start":{"line":5,"column":4},"end":{"line":7,"column":null}},"2":{"start":{"line":9,"column":4},"end":{"line":11,"column":null}},"3":{"start":{"line":4,"column":0},"end":{"line":4,"column":13}}},"fnMap":{},"branchMap":{},"s":{"0":1,"1":1,"2":1,"3":1},"f":{},"b":{}}
,"/Users/user/Documents/Tehnical-Assigments/Tasky/tasky/src/projects/models/projects.entity.ts": {"path":"/Users/user/Documents/Tehnical-Assigments/Tasky/tasky/src/projects/models/projects.entity.ts","statementMap":{"0":{"start":{"line":1,"column":0},"end":{"line":1,"column":62}},"1":{"start":{"line":2,"column":0},"end":{"line":2,"column":59}},"2":{"start":{"line":3,"column":0},"end":{"line":3,"column":121}},"3":{"start":{"line":6,"column":7},"end":{"line":23,"column":null}},"4":{"start":{"line":7,"column":4},"end":{"line":8,"column":null}},"5":{"start":{"line":10,"column":4},"end":{"line":12,"column":null}},"6":{"start":{"line":10,"column":18},"end":{"line":10,"column":28}},"7":{"start":{"line":14,"column":4},"end":{"line":16,"column":null}},"8":{"start":{"line":14,"column":20},"end":{"line":14,"column":30}},"9":{"start":{"line":18,"column":4},"end":{"line":19,"column":null}},"10":{"start":{"line":21,"column":4},"end":{"line":22,"column":null}},"11":{"start":{"line":21,"column":21},"end":{"line":21,"column":32}},"12":{"start":{"line":21,"column":44},"end":{"line":21,"column":57}},"13":{"start":{"line":6,"column":13},"end":{"line":23,"column":null}},"14":{"start":{"line":6,"column":13},"end":{"line":6,"column":27}}},"fnMap":{"0":{"name":"(anonymous_2)","decl":{"start":{"line":10,"column":14},"end":{"line":10,"column":16}},"loc":{"start":{"line":10,"column":18},"end":{"line":10,"column":28}}},"1":{"name":"(anonymous_3)","decl":{"start":{"line":14,"column":16},"end":{"line":14,"column":18}},"loc":{"start":{"line":14,"column":20},"end":{"line":14,"column":30}}},"2":{"name":"(anonymous_4)","decl":{"start":{"line":21,"column":15},"end":{"line":21,"column":18}},"loc":{"start":{"line":21,"column":21},"end":{"line":21,"column":32}}},"3":{"name":"(anonymous_5)","decl":{"start":{"line":21,"column":34},"end":{"line":21,"column":35}},"loc":{"start":{"line":21,"column":44},"end":{"line":21,"column":57}}}},"branchMap":{},"s":{"0":3,"1":3,"2":3,"3":3,"4":3,"5":3,"6":0,"7":3,"8":0,"9":3,"10":3,"11":0,"12":0,"13":3,"14":3},"f":{"0":0,"1":0,"2":0,"3":0},"b":{}}
,"/Users/user/Documents/Tehnical-Assigments/Tasky/tasky/src/tasks/tasks.controller.ts": {"path":"/Users/user/Documents/Tehnical-Assigments/Tasky/tasky/src/tasks/tasks.controller.ts","statementMap":{"0":{"start":{"line":1,"column":0},"end":{"line":1,"column":null}},"1":{"start":{"line":6,"column":0},"end":{"line":6,"column":60}},"2":{"start":{"line":7,"column":0},"end":{"line":7,"column":57}},"3":{"start":{"line":8,"column":0},"end":{"line":8,"column":57}},"4":{"start":{"line":9,"column":0},"end":{"line":9,"column":56}},"5":{"start":{"line":10,"column":0},"end":{"line":10,"column":53}},"6":{"start":{"line":11,"column":0},"end":{"line":11,"column":45}},"7":{"start":{"line":12,"column":0},"end":{"line":12,"column":54}},"8":{"start":{"line":14,"column":0},"end":{"line":14,"column":47}},"9":{"start":{"line":19,"column":7},"end":{"line":114,"column":null}},"10":{"start":{"line":21,"column":33},"end":{"line":21,"column":46}},"11":{"start":{"line":32,"column":8},"end":{"line":32,"column":null}},"12":{"start":{"line":42,"column":7},"end":{"line":42,"column":92}},"13":{"start":{"line":53,"column":8},"end":{"line":53,"column":80}},"14":{"start":{"line":68,"column":12},"end":{"line":77,"column":null}},"15":{"start":{"line":69,"column":16},"end":{"line":69,"column":82}},"16":{"start":{"line":71,"column":16},"end":{"line":71,"column":50}},"17":{"start":{"line":72,"column":20},"end":{"line":76,"column":31}},"18":{"start":{"line":89,"column":8},"end":{"line":89,"column":62}},"19":{"start":{"line":102,"column":8},"end":{"line":105,"column":78}},"20":{"start":{"line":31,"column":10},"end":{"line":33,"column":null}},"21":{"start":{"line":41,"column":10},"end":{"line":43,"column":null}},"22":{"start":{"line":52,"column":10},"end":{"line":54,"column":null}},"23":{"start":{"line":63,"column":10},"end":{"line":78,"column":null}},"24":{"start":{"line":88,"column":10},"end":{"line":90,"column":null}},"25":{"start":{"line":99,"column":9},"end":{"line":106,"column":null}},"26":{"start":{"line":19,"column":13},"end":{"line":114,"column":null}},"27":{"start":{"line":19,"column":13},"end":{"line":19,"column":28}}},"fnMap":{"0":{"name":"(anonymous_4)","decl":{"start":{"line":21,"column":4},"end":{"line":21,"column":33}},"loc":{"start":{"line":21,"column":58},"end":{"line":21,"column":61}}},"1":{"name":"(anonymous_5)","decl":{"start":{"line":31,"column":4},"end":{"line":31,"column":9}},"loc":{"start":{"line":31,"column":73},"end":{"line":33,"column":5}}},"2":{"name":"(anonymous_6)","decl":{"start":{"line":41,"column":4},"end":{"line":41,"column":9}},"loc":{"start":{"line":41,"column":126},"end":{"line":43,"column":5}}},"3":{"name":"(anonymous_7)","decl":{"start":{"line":52,"column":4},"end":{"line":52,"column":9}},"loc":{"start":{"line":52,"column":114},"end":{"line":54,"column":5}}},"4":{"name":"(anonymous_8)","decl":{"start":{"line":63,"column":4},"end":{"line":63,"column":9}},"loc":{"start":{"line":67,"column":22},"end":{"line":78,"column":5}}},"5":{"name":"(anonymous_9)","decl":{"start":{"line":88,"column":4},"end":{"line":88,"column":9}},"loc":{"start":{"line":88,"column":71},"end":{"line":90,"column":5}}},"6":{"name":"(anonymous_10)","decl":{"start":{"line":99,"column":3},"end":{"line":99,"column":8}},"loc":{"start":{"line":101,"column":109},"end":{"line":106,"column":4}}}},"branchMap":{"0":{"loc":{"start":{"line":64,"column":62},"end":{"line":64,"column":78}},"type":"default-arg","locations":[{"start":{"line":64,"column":77},"end":{"line":64,"column":78}}]},"1":{"loc":{"start":{"line":65,"column":64},"end":{"line":65,"column":82}},"type":"default-arg","locations":[{"start":{"line":65,"column":80},"end":{"line":65,"column":82}}]},"2":{"loc":{"start":{"line":68,"column":12},"end":{"line":77,"column":null}},"type":"if","locations":[{"start":{"line":68,"column":12},"end":{"line":77,"column":null}},{"start":{"line":70,"column":17},"end":{"line":77,"column":null}}]},"3":{"loc":{"start":{"line":68,"column":15},"end":{"line":68,"column":82}},"type":"binary-expr","locations":[{"start":{"line":68,"column":15},"end":{"line":68,"column":44}},{"start":{"line":68,"column":48},"end":{"line":68,"column":82}}]},"4":{"loc":{"start":{"line":71,"column":24},"end":{"line":71,"column":49}},"type":"cond-expr","locations":[{"start":{"line":71,"column":38},"end":{"line":71,"column":41}},{"start":{"line":71,"column":44},"end":{"line":71,"column":49}}]},"5":{"loc":{"start":{"line":99,"column":82},"end":{"line":99,"column":98}},"type":"default-arg","locations":[{"start":{"line":99,"column":97},"end":{"line":99,"column":98}}]},"6":{"loc":{"start":{"line":100,"column":84},"end":{"line":100,"column":102}},"type":"default-arg","locations":[{"start":{"line":100,"column":100},"end":{"line":100,"column":102}}]}},"s":{"0":0,"1":0,"2":0,"3":0,"4":0,"5":0,"6":0,"7":0,"8":0,"9":0,"10":0,"11":0,"12":0,"13":0,"14":0,"15":0,"16":0,"17":0,"18":0,"19":0,"20":0,"21":0,"22":0,"23":0,"24":0,"25":0,"26":0,"27":0},"f":{"0":0,"1":0,"2":0,"3":0,"4":0,"5":0,"6":0},"b":{"0":[0],"1":[0],"2":[0,0],"3":[0,0],"4":[0,0],"5":[0],"6":[0]}}
,"/Users/user/Documents/Tehnical-Assigments/Tasky/tasky/src/tasks/tasks.module.ts": {"path":"/Users/user/Documents/Tehnical-Assigments/Tasky/tasky/src/tasks/tasks.module.ts","statementMap":{"0":{"start":{"line":1,"column":0},"end":{"line":1,"column":40}},"1":{"start":{"line":2,"column":0},"end":{"line":2,"column":47}},"2":{"start":{"line":3,"column":0},"end":{"line":3,"column":53}},"3":{"start":{"line":4,"column":0},"end":{"line":4,"column":48}},"4":{"start":{"line":5,"column":0},"end":{"line":5,"column":52}},"5":{"start":{"line":6,"column":0},"end":{"line":6,"column":69}},"6":{"start":{"line":7,"column":0},"end":{"line":7,"column":57}},"7":{"start":{"line":16,"column":7},"end":{"line":16,"column":null}},"8":{"start":{"line":16,"column":13},"end":{"line":16,"column":null}},"9":{"start":{"line":16,"column":13},"end":{"line":16,"column":24}}},"fnMap":{},"branchMap":{},"s":{"0":0,"1":0,"2":0,"3":0,"4":0,"5":0,"6":0,"7":0,"8":0,"9":0},"f":{},"b":{}}
,"/Users/user/Documents/Tehnical-Assigments/Tasky/tasky/src/tasks/tasks.service.ts": {"path":"/Users/user/Documents/Tehnical-Assigments/Tasky/tasky/src/tasks/tasks.service.ts","statementMap":{"0":{"start":{"line":1,"column":0},"end":{"line":1,"column":86}},"1":{"start":{"line":2,"column":0},"end":{"line":2,"column":51}},"2":{"start":{"line":3,"column":0},"end":{"line":3,"column":83}},"3":{"start":{"line":4,"column":0},"end":{"line":4,"column":69}},"4":{"start":{"line":5,"column":0},"end":{"line":5,"column":57}},"5":{"start":{"line":6,"column":0},"end":{"line":6,"column":56}},"6":{"start":{"line":7,"column":0},"end":{"line":7,"column":37}},"7":{"start":{"line":11,"column":0},"end":{"line":11,"column":52}},"8":{"start":{"line":15,"column":7},"end":{"line":227,"column":null}},"9":{"start":{"line":18,"column":25},"end":{"line":18,"column":41}},"10":{"start":{"line":20,"column":25},"end":{"line":20,"column":41}},"11":{"start":{"line":22,"column":25},"end":{"line":22,"column":44}},"12":{"start":{"line":27,"column":8},"end":{"line":29,"column":null}},"13":{"start":{"line":28,"column":12},"end":{"line":28,"column":92}},"14":{"start":{"line":32,"column":24},"end":{"line":32,"column":41}},"15":{"start":{"line":33,"column":8},"end":{"line":33,"column":45}},"16":{"start":{"line":34,"column":24},"end":{"line":34,"column":55}},"17":{"start":{"line":35,"column":8},"end":{"line":35,"column":36}},"18":{"start":{"line":37,"column":8},"end":{"line":44,"column":null}},"19":{"start":{"line":38,"column":33},"end":{"line":38,"column":78}},"20":{"start":{"line":39,"column":12},"end":{"line":41,"column":null}},"21":{"start":{"line":40,"column":16},"end":{"line":40,"column":109}},"22":{"start":{"line":43,"column":12},"end":{"line":43,"column":44}},"23":{"start":{"line":46,"column":8},"end":{"line":55,"column":null}},"24":{"start":{"line":47,"column":28},"end":{"line":47,"column":75}},"25":{"start":{"line":48,"column":12},"end":{"line":50,"column":null}},"26":{"start":{"line":49,"column":16},"end":{"line":49,"column":87}},"27":{"start":{"line":52,"column":12},"end":{"line":52,"column":38}},"28":{"start":{"line":54,"column":12},"end":{"line":54,"column":49}},"29":{"start":{"line":57,"column":8},"end":{"line":57,"column":55}},"30":{"start":{"line":61,"column":8},"end":{"line":65,"column":null}},"31":{"start":{"line":62,"column":12},"end":{"line":64,"column":null}},"32":{"start":{"line":63,"column":16},"end":{"line":63,"column":121}},"33":{"start":{"line":67,"column":8},"end":{"line":69,"column":null}},"34":{"start":{"line":68,"column":12},"end":{"line":68,"column":59}},"35":{"start":{"line":71,"column":21},"end":{"line":74,"column":15}},"36":{"start":{"line":76,"column":8},"end":{"line":78,"column":null}},"37":{"start":{"line":77,"column":12},"end":{"line":77,"column":80}},"38":{"start":{"line":80,"column":8},"end":{"line":80,"column":42}},"39":{"start":{"line":82,"column":8},"end":{"line":91,"column":null}},"40":{"start":{"line":83,"column":25},"end":{"line":83,"column":70}},"41":{"start":{"line":84,"column":12},"end":{"line":86,"column":null}},"42":{"start":{"line":85,"column":16},"end":{"line":85,"column":96}},"43":{"start":{"line":88,"column":12},"end":{"line":88,"column":37}},"44":{"start":{"line":89,"column":12},"end":{"line":89,"column":33}},"45":{"start":{"line":93,"column":8},"end":{"line":101,"column":null}},"46":{"start":{"line":94,"column":28},"end":{"line":94,"column":75}},"47":{"start":{"line":95,"column":12},"end":{"line":97,"column":null}},"48":{"start":{"line":96,"column":16},"end":{"line":96,"column":86}},"49":{"start":{"line":99,"column":12},"end":{"line":99,"column":33}},"50":{"start":{"line":103,"column":8},"end":{"line":103,"column":null}},"51":{"start":{"line":104,"column":8},"end":{"line":104,"column":52}},"52":{"start":{"line":110,"column":27},"end":{"line":113,"column":34}},"53":{"start":{"line":114,"column":8},"end":{"line":116,"column":null}},"54":{"start":{"line":115,"column":12},"end":{"line":115,"column":97}},"55":{"start":{"line":118,"column":8},"end":{"line":118,"column":43}},"56":{"start":{"line":119,"column":8},"end":{"line":119,"column":60}},"57":{"start":{"line":124,"column":8},"end":{"line":126,"column":null}},"58":{"start":{"line":125,"column":12},"end":{"line":125,"column":71}},"59":{"start":{"line":128,"column":27},"end":{"line":131,"column":42}},"60":{"start":{"line":133,"column":8},"end":{"line":133,"column":57}},"61":{"start":{"line":138,"column":8},"end":{"line":140,"column":null}},"62":{"start":{"line":139,"column":12},"end":{"line":139,"column":59}},"63":{"start":{"line":141,"column":8},"end":{"line":141,"column":56}},"64":{"start":{"line":146,"column":8},"end":{"line":149,"column":16}},"65":{"start":{"line":154,"column":8},"end":{"line":158,"column":15}},"66":{"start":{"line":163,"column":8},"end":{"line":165,"column":21}},"67":{"start":{"line":170,"column":8},"end":{"line":172,"column":21}},"68":{"start":{"line":177,"column":27},"end":{"line":181,"column":44}},"69":{"start":{"line":182,"column":8},"end":{"line":184,"column":null}},"70":{"start":{"line":183,"column":12},"end":{"line":183,"column":114}},"71":{"start":{"line":186,"column":8},"end":{"line":186,"column":null}},"72":{"start":{"line":191,"column":8},"end":{"line":191,"column":28}},"73":{"start":{"line":192,"column":27},"end":{"line":194,"column":93}},"74":{"start":{"line":196,"column":6},"end":{"line":196,"column":55}},"75":{"start":{"line":201,"column":47},"end":{"line":201,"column":56}},"76":{"start":{"line":203,"column":20},"end":{"line":203,"column":63}},"77":{"start":{"line":205,"column":8},"end":{"line":208,"column":null}},"78":{"start":{"line":206,"column":12},"end":{"line":206,"column":35}},"79":{"start":{"line":207,"column":12},"end":{"line":207,"column":76}},"80":{"start":{"line":210,"column":8},"end":{"line":214,"column":null}},"81":{"start":{"line":211,"column":12},"end":{"line":213,"column":null}},"82":{"start":{"line":212,"column":16},"end":{"line":212,"column":50}},"83":{"start":{"line":216,"column":8},"end":{"line":218,"column":null}},"84":{"start":{"line":217,"column":12},"end":{"line":217,"column":null}},"85":{"start":{"line":220,"column":8},"end":{"line":222,"column":null}},"86":{"start":{"line":221,"column":12},"end":{"line":221,"column":56}},"87":{"start":{"line":224,"column":8},"end":{"line":224,"column":52}},"88":{"start":{"line":15,"column":13},"end":{"line":227,"column":null}},"89":{"start":{"line":15,"column":13},"end":{"line":15,"column":25}}},"fnMap":{"0":{"name":"(anonymous_4)","decl":{"start":{"line":16,"column":4},"end":{"line":16,"column":null}},"loc":{"start":{"line":22,"column":70},"end":{"line":23,"column":7}}},"1":{"name":"(anonymous_5)","decl":{"start":{"line":25,"column":4},"end":{"line":25,"column":9}},"loc":{"start":{"line":25,"column":70},"end":{"line":58,"column":5}}},"2":{"name":"(anonymous_6)","decl":{"start":{"line":60,"column":4},"end":{"line":60,"column":9}},"loc":{"start":{"line":60,"column":69},"end":{"line":105,"column":5}}},"3":{"name":"(anonymous_7)","decl":{"start":{"line":108,"column":4},"end":{"line":108,"column":9}},"loc":{"start":{"line":108,"column":82},"end":{"line":120,"column":5}}},"4":{"name":"(anonymous_8)","decl":{"start":{"line":123,"column":4},"end":{"line":123,"column":9}},"loc":{"start":{"line":123,"column":52},"end":{"line":134,"column":5}}},"5":{"name":"(anonymous_9)","decl":{"start":{"line":137,"column":4},"end":{"line":137,"column":9}},"loc":{"start":{"line":137,"column":39},"end":{"line":142,"column":5}}},"6":{"name":"(anonymous_10)","decl":{"start":{"line":145,"column":4},"end":{"line":145,"column":9}},"loc":{"start":{"line":145,"column":27},"end":{"line":150,"column":5}}},"7":{"name":"(anonymous_11)","decl":{"start":{"line":153,"column":4},"end":{"line":153,"column":9}},"loc":{"start":{"line":153,"column":30},"end":{"line":159,"column":9}}},"8":{"name":"(anonymous_12)","decl":{"start":{"line":162,"column":4},"end":{"line":162,"column":9}},"loc":{"start":{"line":162,"column":37},"end":{"line":166,"column":5}}},"9":{"name":"(anonymous_13)","decl":{"start":{"line":169,"column":4},"end":{"line":169,"column":9}},"loc":{"start":{"line":169,"column":57},"end":{"line":173,"column":5}}},"10":{"name":"(anonymous_14)","decl":{"start":{"line":176,"column":4},"end":{"line":176,"column":9}},"loc":{"start":{"line":176,"column":57},"end":{"line":187,"column":5}}},"11":{"name":"(anonymous_15)","decl":{"start":{"line":190,"column":4},"end":{"line":190,"column":9}},"loc":{"start":{"line":190,"column":90},"end":{"line":197,"column":5}}},"12":{"name":"(anonymous_16)","decl":{"start":{"line":200,"column":4},"end":{"line":200,"column":9}},"loc":{"start":{"line":200,"column":70},"end":{"line":226,"column":5}}}},"branchMap":{"0":{"loc":{"start":{"line":27,"column":8},"end":{"line":29,"column":null}},"type":"if","locations":[{"start":{"line":27,"column":8},"end":{"line":29,"column":null}}]},"1":{"loc":{"start":{"line":37,"column":8},"end":{"line":44,"column":null}},"type":"if","locations":[{"start":{"line":37,"column":8},"end":{"line":44,"column":null}}]},"2":{"loc":{"start":{"line":39,"column":12},"end":{"line":41,"column":null}},"type":"if","locations":[{"start":{"line":39,"column":12},"end":{"line":41,"column":null}}]},"3":{"loc":{"start":{"line":46,"column":8},"end":{"line":55,"column":null}},"type":"if","locations":[{"start":{"line":46,"column":8},"end":{"line":55,"column":null}}]},"4":{"loc":{"start":{"line":48,"column":12},"end":{"line":50,"column":null}},"type":"if","locations":[{"start":{"line":48,"column":12},"end":{"line":50,"column":null}}]},"5":{"loc":{"start":{"line":61,"column":8},"end":{"line":65,"column":null}},"type":"if","locations":[{"start":{"line":61,"column":8},"end":{"line":65,"column":null}}]},"6":{"loc":{"start":{"line":62,"column":12},"end":{"line":64,"column":null}},"type":"if","locations":[{"start":{"line":62,"column":12},"end":{"line":64,"column":null}}]},"7":{"loc":{"start":{"line":67,"column":8},"end":{"line":69,"column":null}},"type":"if","locations":[{"start":{"line":67,"column":8},"end":{"line":69,"column":null}}]},"8":{"loc":{"start":{"line":76,"column":8},"end":{"line":78,"column":null}},"type":"if","locations":[{"start":{"line":76,"column":8},"end":{"line":78,"column":null}}]},"9":{"loc":{"start":{"line":82,"column":8},"end":{"line":91,"column":null}},"type":"if","locations":[{"start":{"line":82,"column":8},"end":{"line":91,"column":null}}]},"10":{"loc":{"start":{"line":84,"column":12},"end":{"line":86,"column":null}},"type":"if","locations":[{"start":{"line":84,"column":12},"end":{"line":86,"column":null}}]},"11":{"loc":{"start":{"line":93,"column":8},"end":{"line":101,"column":null}},"type":"if","locations":[{"start":{"line":93,"column":8},"end":{"line":101,"column":null}}]},"12":{"loc":{"start":{"line":95,"column":12},"end":{"line":97,"column":null}},"type":"if","locations":[{"start":{"line":95,"column":12},"end":{"line":97,"column":null}}]},"13":{"loc":{"start":{"line":114,"column":8},"end":{"line":116,"column":null}},"type":"if","locations":[{"start":{"line":114,"column":8},"end":{"line":116,"column":null}}]},"14":{"loc":{"start":{"line":124,"column":8},"end":{"line":126,"column":null}},"type":"if","locations":[{"start":{"line":124,"column":8},"end":{"line":126,"column":null}}]},"15":{"loc":{"start":{"line":138,"column":8},"end":{"line":140,"column":null}},"type":"if","locations":[{"start":{"line":138,"column":8},"end":{"line":140,"column":null}}]},"16":{"loc":{"start":{"line":182,"column":8},"end":{"line":184,"column":null}},"type":"if","locations":[{"start":{"line":182,"column":8},"end":{"line":184,"column":null}}]},"17":{"loc":{"start":{"line":205,"column":8},"end":{"line":208,"column":null}},"type":"if","locations":[{"start":{"line":205,"column":8},"end":{"line":208,"column":null}}]},"18":{"loc":{"start":{"line":210,"column":8},"end":{"line":214,"column":null}},"type":"if","locations":[{"start":{"line":210,"column":8},"end":{"line":214,"column":null}}]},"19":{"loc":{"start":{"line":211,"column":12},"end":{"line":213,"column":null}},"type":"if","locations":[{"start":{"line":211,"column":12},"end":{"line":213,"column":null}}]},"20":{"loc":{"start":{"line":211,"column":15},"end":{"line":211,"column":48}},"type":"binary-expr","locations":[{"start":{"line":211,"column":15},"end":{"line":211,"column":29}},{"start":{"line":211,"column":33},"end":{"line":211,"column":48}}]},"21":{"loc":{"start":{"line":216,"column":8},"end":{"line":218,"column":null}},"type":"if","locations":[{"start":{"line":216,"column":8},"end":{"line":218,"column":null}}]},"22":{"loc":{"start":{"line":220,"column":8},"end":{"line":222,"column":null}},"type":"if","locations":[{"start":{"line":220,"column":8},"end":{"line":222,"column":null}}]}},"s":{"0":0,"1":0,"2":0,"3":0,"4":0,"5":0,"6":0,"7":0,"8":0,"9":0,"10":0,"11":0,"12":0,"13":0,"14":0,"15":0,"16":0,"17":0,"18":0,"19":0,"20":0,"21":0,"22":0,"23":0,"24":0,"25":0,"26":0,"27":0,"28":0,"29":0,"30":0,"31":0,"32":0,"33":0,"34":0,"35":0,"36":0,"37":0,"38":0,"39":0,"40":0,"41":0,"42":0,"43":0,"44":0,"45":0,"46":0,"47":0,"48":0,"49":0,"50":0,"51":0,"52":0,"53":0,"54":0,"55":0,"56":0,"57":0,"58":0,"59":0,"60":0,"61":0,"62":0,"63":0,"64":0,"65":0,"66":0,"67":0,"68":0,"69":0,"70":0,"71":0,"72":0,"73":0,"74":0,"75":0,"76":0,"77":0,"78":0,"79":0,"80":0,"81":0,"82":0,"83":0,"84":0,"85":0,"86":0,"87":0,"88":0,"89":0},"f":{"0":0,"1":0,"2":0,"3":0,"4":0,"5":0,"6":0,"7":0,"8":0,"9":0,"10":0,"11":0,"12":0},"b":{"0":[0],"1":[0],"2":[0],"3":[0],"4":[0],"5":[0],"6":[0],"7":[0],"8":[0],"9":[0],"10":[0],"11":[0],"12":[0],"13":[0],"14":[0],"15":[0],"16":[0],"17":[0],"18":[0],"19":[0],"20":[0,0],"21":[0],"22":[0]}}
,"/Users/user/Documents/Tehnical-Assigments/Tasky/tasky/src/tasks/dto/createTask.dto.ts": {"path":"/Users/user/Documents/Tehnical-Assigments/Tasky/tasky/src/tasks/dto/createTask.dto.ts","statementMap":{"0":{"start":{"line":1,"column":0},"end":{"line":1,"column":87}},"1":{"start":{"line":2,"column":0},"end":{"line":2,"column":54}},"2":{"start":{"line":6,"column":4},"end":{"line":8,"column":null}},"3":{"start":{"line":10,"column":4},"end":{"line":12,"column":null}},"4":{"start":{"line":14,"column":4},"end":{"line":15,"column":null}},"5":{"start":{"line":17,"column":4},"end":{"line":18,"column":null}},"6":{"start":{"line":20,"column":4},"end":{"line":22,"column":null}},"7":{"start":{"line":24,"column":4},"end":{"line":26,"column":null}},"8":{"start":{"line":4,"column":0},"end":{"line":4,"column":13}}},"fnMap":{},"branchMap":{},"s":{"0":0,"1":0,"2":0,"3":0,"4":0,"5":0,"6":0,"7":0,"8":0},"f":{},"b":{}}
,"/Users/user/Documents/Tehnical-Assigments/Tasky/tasky/src/tasks/dto/filter.dto.ts": {"path":"/Users/user/Documents/Tehnical-Assigments/Tasky/tasky/src/tasks/dto/filter.dto.ts","statementMap":{"0":{"start":{"line":2,"column":0},"end":{"line":2,"column":46}},"1":{"start":{"line":3,"column":0},"end":{"line":3,"column":95}},"2":{"start":{"line":10,"column":4},"end":{"line":17,"column":null}},"3":{"start":{"line":13,"column":8},"end":{"line":13,"column":61}},"4":{"start":{"line":13,"column":49},"end":{"line":13,"column":61}},"5":{"start":{"line":14,"column":8},"end":{"line":14,"column":64}},"6":{"start":{"line":14,"column":51},"end":{"line":14,"column":64}},"7":{"start":{"line":15,"column":8},"end":{"line":15,"column":27}},"8":{"start":{"line":19,"column":4},"end":{"line":23,"column":null}},"9":{"start":{"line":22,"column":8},"end":{"line":22,"column":47}},"10":{"start":{"line":25,"column":4},"end":{"line":27,"column":null}},"11":{"start":{"line":29,"column":4},"end":{"line":31,"column":null}},"12":{"start":{"line":6,"column":0},"end":{"line":6,"column":13}}},"fnMap":{"0":{"name":"(anonymous_2)","decl":{"start":{"line":12,"column":15},"end":{"line":12,"column":16}},"loc":{"start":{"line":12,"column":28},"end":{"line":16,"column":5}}},"1":{"name":"(anonymous_3)","decl":{"start":{"line":21,"column":15},"end":{"line":21,"column":16}},"loc":{"start":{"line":22,"column":8},"end":{"line":22,"column":47}}}},"branchMap":{"0":{"loc":{"start":{"line":13,"column":8},"end":{"line":13,"column":61}},"type":"if","locations":[{"start":{"line":13,"column":8},"end":{"line":13,"column":61}}]},"1":{"loc":{"start":{"line":13,"column":11},"end":{"line":13,"column":47}},"type":"binary-expr","locations":[{"start":{"line":13,"column":11},"end":{"line":13,"column":27}},{"start":{"line":13,"column":31},"end":{"line":13,"column":47}}]},"2":{"loc":{"start":{"line":14,"column":8},"end":{"line":14,"column":64}},"type":"if","locations":[{"start":{"line":14,"column":8},"end":{"line":14,"column":64}}]},"3":{"loc":{"start":{"line":14,"column":11},"end":{"line":14,"column":49}},"type":"binary-expr","locations":[{"start":{"line":14,"column":11},"end":{"line":14,"column":28}},{"start":{"line":14,"column":32},"end":{"line":14,"column":49}}]}},"s":{"0":0,"1":0,"2":0,"3":0,"4":0,"5":0,"6":0,"7":0,"8":0,"9":0,"10":0,"11":0,"12":0},"f":{"0":0,"1":0},"b":{"0":[0],"1":[0,0],"2":[0],"3":[0,0]}}
,"/Users/user/Documents/Tehnical-Assigments/Tasky/tasky/src/tasks/dto/updateTasks.dto.ts": {"path":"/Users/user/Documents/Tehnical-Assigments/Tasky/tasky/src/tasks/dto/updateTasks.dto.ts","statementMap":{"0":{"start":{"line":1,"column":0},"end":{"line":1,"column":51}},"1":{"start":{"line":2,"column":0},"end":{"line":2,"column":49}},"2":{"start":{"line":4,"column":0},"end":{"line":4,"column":13}}},"fnMap":{},"branchMap":{},"s":{"0":0,"1":0,"2":0},"f":{},"b":{}}
,"/Users/user/Documents/Tehnical-Assigments/Tasky/tasky/src/tasks/models/tasks.entity.ts": {"path":"/Users/user/Documents/Tehnical-Assigments/Tasky/tasky/src/tasks/models/tasks.entity.ts","statementMap":{"0":{"start":{"line":1,"column":0},"end":{"line":1,"column":71}},"1":{"start":{"line":2,"column":0},"end":{"line":2,"column":59}},"2":{"start":{"line":3,"column":0},"end":{"line":3,"column":84}},"3":{"start":{"line":4,"column":0},"end":{"line":4,"column":54}},"4":{"start":{"line":8,"column":7},"end":{"line":36,"column":null}},"5":{"start":{"line":9,"column":4},"end":{"line":10,"column":null}},"6":{"start":{"line":12,"column":4},"end":{"line":15,"column":null}},"7":{"start":{"line":17,"column":4},"end":{"line":18,"column":null}},"8":{"start":{"line":20,"column":4},"end":{"line":21,"column":null}},"9":{"start":{"line":23,"column":4},"end":{"line":24,"column":null}},"10":{"start":{"line":26,"column":4},"end":{"line":27,"column":null}},"11":{"start":{"line":26,"column":19},"end":{"line":26,"column":29}},"12":{"start":{"line":26,"column":42},"end":{"line":26,"column":55}},"13":{"start":{"line":29,"column":4},"end":{"line":30,"column":null}},"14":{"start":{"line":29,"column":19},"end":{"line":29,"column":29}},"15":{"start":{"line":29,"column":44},"end":{"line":29,"column":59}},"16":{"start":{"line":32,"column":4},"end":{"line":33,"column":null}},"17":{"start":{"line":32,"column":19},"end":{"line":32,"column":33}},"18":{"start":{"line":32,"column":48},"end":{"line":32,"column":61}},"19":{"start":{"line":8,"column":13},"end":{"line":36,"column":null}},"20":{"start":{"line":8,"column":13},"end":{"line":8,"column":24}}},"fnMap":{"0":{"name":"(anonymous_2)","decl":{"start":{"line":26,"column":15},"end":{"line":26,"column":17}},"loc":{"start":{"line":26,"column":19},"end":{"line":26,"column":29}}},"1":{"name":"(anonymous_3)","decl":{"start":{"line":26,"column":31},"end":{"line":26,"column":32}},"loc":{"start":{"line":26,"column":42},"end":{"line":26,"column":55}}},"2":{"name":"(anonymous_4)","decl":{"start":{"line":29,"column":15},"end":{"line":29,"column":17}},"loc":{"start":{"line":29,"column":19},"end":{"line":29,"column":29}}},"3":{"name":"(anonymous_5)","decl":{"start":{"line":29,"column":31},"end":{"line":29,"column":32}},"loc":{"start":{"line":29,"column":44},"end":{"line":29,"column":59}}},"4":{"name":"(anonymous_6)","decl":{"start":{"line":32,"column":15},"end":{"line":32,"column":17}},"loc":{"start":{"line":32,"column":19},"end":{"line":32,"column":33}}},"5":{"name":"(anonymous_7)","decl":{"start":{"line":32,"column":35},"end":{"line":32,"column":36}},"loc":{"start":{"line":32,"column":48},"end":{"line":32,"column":61}}}},"branchMap":{},"s":{"0":3,"1":3,"2":3,"3":3,"4":3,"5":3,"6":3,"7":3,"8":3,"9":3,"10":3,"11":0,"12":0,"13":3,"14":0,"15":0,"16":3,"17":0,"18":0,"19":3,"20":3},"f":{"0":0,"1":0,"2":0,"3":0,"4":0,"5":0},"b":{}}
,"/Users/user/Documents/Tehnical-Assigments/Tasky/tasky/src/tasks/types/priority.enum.ts": {"path":"/Users/user/Documents/Tehnical-Assigments/Tasky/tasky/src/tasks/types/priority.enum.ts","statementMap":{"0":{"start":{"line":1,"column":0},"end":{"line":1,"column":null}},"1":{"start":{"line":2,"column":4},"end":{"line":2,"column":null}},"2":{"start":{"line":3,"column":4},"end":{"line":3,"column":null}},"3":{"start":{"line":4,"column":4},"end":{"line":4,"column":null}}},"fnMap":{"0":{"name":"(anonymous_0)","decl":{"start":{"line":1,"column":0},"end":{"line":1,"column":12}},"loc":{"start":{"line":1,"column":24},"end":{"line":5,"column":1}}}},"branchMap":{"0":{"loc":{"start":{"line":1,"column":12},"end":{"line":1,"column":null}},"type":"binary-expr","locations":[{"start":{"line":1,"column":12},"end":{"line":1,"column":24}},{"start":{"line":1,"column":12},"end":{"line":1,"column":null}}]}},"s":{"0":3,"1":3,"2":3,"3":3},"f":{"0":3},"b":{"0":[3,3]}}
,"/Users/user/Documents/Tehnical-Assigments/Tasky/tasky/src/tasks/types/sort.enum.ts": {"path":"/Users/user/Documents/Tehnical-Assigments/Tasky/tasky/src/tasks/types/sort.enum.ts","statementMap":{"0":{"start":{"line":1,"column":0},"end":{"line":1,"column":null}},"1":{"start":{"line":2,"column":4},"end":{"line":2,"column":null}},"2":{"start":{"line":3,"column":4},"end":{"line":3,"column":null}}},"fnMap":{"0":{"name":"(anonymous_0)","decl":{"start":{"line":1,"column":0},"end":{"line":1,"column":12}},"loc":{"start":{"line":1,"column":26},"end":{"line":4,"column":1}}}},"branchMap":{"0":{"loc":{"start":{"line":1,"column":12},"end":{"line":1,"column":null}},"type":"binary-expr","locations":[{"start":{"line":1,"column":12},"end":{"line":1,"column":26}},{"start":{"line":1,"column":12},"end":{"line":1,"column":null}}]}},"s":{"0":0,"1":0,"2":0},"f":{"0":0},"b":{"0":[0,0]}}
,"/Users/user/Documents/Tehnical-Assigments/Tasky/tasky/src/user/user.controller.ts": {"path":"/Users/user/Documents/Tehnical-Assigments/Tasky/tasky/src/user/user.controller.ts","statementMap":{"0":{"start":{"line":1,"column":0},"end":{"line":1,"column":168}},"1":{"start":{"line":3,"column":0},"end":{"line":3,"column":53}},"2":{"start":{"line":4,"column":0},"end":{"line":4,"column":53}},"3":{"start":{"line":5,"column":0},"end":{"line":5,"column":51}},"4":{"start":{"line":6,"column":0},"end":{"line":6,"column":53}},"5":{"start":{"line":7,"column":0},"end":{"line":7,"column":50}},"6":{"start":{"line":8,"column":0},"end":{"line":8,"column":50}},"7":{"start":{"line":10,"column":0},"end":{"line":10,"column":49}},"8":{"start":{"line":11,"column":0},"end":{"line":11,"column":45}},"9":{"start":{"line":13,"column":7},"end":{"line":64,"column":null}},"10":{"start":{"line":15,"column":33},"end":{"line":15,"column":46}},"11":{"start":{"line":20,"column":8},"end":{"line":20,"column":64}},"12":{"start":{"line":26,"column":8},"end":{"line":26,"column":58}},"13":{"start":{"line":34,"column":8},"end":{"line":34,"column":54}},"14":{"start":{"line":43,"column":12},"end":{"line":43,"column":46}},"15":{"start":{"line":44,"column":12},"end":{"line":47,"column":15}},"16":{"start":{"line":54,"column":8},"end":{"line":54,"column":67}},"17":{"start":{"line":61,"column":8},"end":{"line":61,"column":53}},"18":{"start":{"line":19,"column":10},"end":{"line":21,"column":null}},"19":{"start":{"line":25,"column":10},"end":{"line":27,"column":null}},"20":{"start":{"line":33,"column":10},"end":{"line":35,"column":null}},"21":{"start":{"line":40,"column":10},"end":{"line":48,"column":null}},"22":{"start":{"line":53,"column":10},"end":{"line":55,"column":null}},"23":{"start":{"line":60,"column":10},"end":{"line":62,"column":null}},"24":{"start":{"line":13,"column":13},"end":{"line":64,"column":null}},"25":{"start":{"line":13,"column":13},"end":{"line":13,"column":27}}},"fnMap":{"0":{"name":"(anonymous_4)","decl":{"start":{"line":15,"column":4},"end":{"line":15,"column":33}},"loc":{"start":{"line":15,"column":57},"end":{"line":15,"column":60}}},"1":{"name":"(anonymous_5)","decl":{"start":{"line":19,"column":4},"end":{"line":19,"column":9}},"loc":{"start":{"line":19,"column":56},"end":{"line":21,"column":5}}},"2":{"name":"(anonymous_6)","decl":{"start":{"line":25,"column":4},"end":{"line":25,"column":9}},"loc":{"start":{"line":25,"column":50},"end":{"line":27,"column":5}}},"3":{"name":"(anonymous_7)","decl":{"start":{"line":33,"column":4},"end":{"line":33,"column":9}},"loc":{"start":{"line":33,"column":58},"end":{"line":35,"column":5}}},"4":{"name":"(anonymous_8)","decl":{"start":{"line":40,"column":4},"end":{"line":40,"column":9}},"loc":{"start":{"line":42,"column":82},"end":{"line":48,"column":5}}},"5":{"name":"(anonymous_9)","decl":{"start":{"line":53,"column":4},"end":{"line":53,"column":9}},"loc":{"start":{"line":53,"column":93},"end":{"line":55,"column":5}}},"6":{"name":"(anonymous_10)","decl":{"start":{"line":60,"column":4},"end":{"line":60,"column":9}},"loc":{"start":{"line":60,"column":56},"end":{"line":62,"column":5}}}},"branchMap":{"0":{"loc":{"start":{"line":41,"column":62},"end":{"line":41,"column":78}},"type":"default-arg","locations":[{"start":{"line":41,"column":77},"end":{"line":41,"column":78}}]},"1":{"loc":{"start":{"line":42,"column":64},"end":{"line":42,"column":82}},"type":"default-arg","locations":[{"start":{"line":42,"column":80},"end":{"line":42,"column":82}}]},"2":{"loc":{"start":{"line":43,"column":20},"end":{"line":43,"column":45}},"type":"cond-expr","locations":[{"start":{"line":43,"column":34},"end":{"line":43,"column":37}},{"start":{"line":43,"column":40},"end":{"line":43,"column":45}}]}},"s":{"0":1,"1":1,"2":1,"3":1,"4":1,"5":1,"6":1,"7":1,"8":1,"9":1,"10":7,"11":1,"12":1,"13":1,"14":1,"15":1,"16":1,"17":1,"18":1,"19":1,"20":1,"21":1,"22":1,"23":1,"24":1,"25":1},"f":{"0":7,"1":1,"2":1,"3":1,"4":1,"5":1,"6":1},"b":{"0":[0],"1":[0],"2":[0,1]}}
,"/Users/user/Documents/Tehnical-Assigments/Tasky/tasky/src/user/user.module.ts": {"path":"/Users/user/Documents/Tehnical-Assigments/Tasky/tasky/src/user/user.module.ts","statementMap":{"0":{"start":{"line":1,"column":0},"end":{"line":1,"column":40}},"1":{"start":{"line":2,"column":0},"end":{"line":2,"column":45}},"2":{"start":{"line":3,"column":0},"end":{"line":3,"column":51}},"3":{"start":{"line":4,"column":0},"end":{"line":4,"column":48}},"4":{"start":{"line":5,"column":0},"end":{"line":5,"column":50}},"5":{"start":{"line":6,"column":0},"end":{"line":6,"column":50}},"6":{"start":{"line":7,"column":0},"end":{"line":7,"column":50}},"7":{"start":{"line":8,"column":0},"end":{"line":8,"column":40}},"8":{"start":{"line":9,"column":0},"end":{"line":9,"column":54}},"9":{"start":{"line":10,"column":0},"end":{"line":10,"column":69}},"10":{"start":{"line":19,"column":7},"end":{"line":19,"column":null}},"11":{"start":{"line":19,"column":13},"end":{"line":19,"column":null}},"12":{"start":{"line":19,"column":13},"end":{"line":19,"column":23}}},"fnMap":{},"branchMap":{},"s":{"0":0,"1":0,"2":0,"3":0,"4":0,"5":0,"6":0,"7":0,"8":0,"9":0,"10":0,"11":0,"12":0},"f":{},"b":{}}
,"/Users/user/Documents/Tehnical-Assigments/Tasky/tasky/src/user/user.service.ts": {"path":"/Users/user/Documents/Tehnical-Assigments/Tasky/tasky/src/user/user.service.ts","statementMap":{"0":{"start":{"line":1,"column":0},"end":{"line":1,"column":103}},"1":{"start":{"line":2,"column":0},"end":{"line":2,"column":51}},"2":{"start":{"line":3,"column":0},"end":{"line":3,"column":54}},"3":{"start":{"line":5,"column":0},"end":{"line":5,"column":50}},"4":{"start":{"line":6,"column":0},"end":{"line":6,"column":50}},"5":{"start":{"line":9,"column":0},"end":{"line":9,"column":30}},"6":{"start":{"line":10,"column":0},"end":{"line":10,"column":41}},"7":{"start":{"line":11,"column":0},"end":{"line":11,"column":83}},"8":{"start":{"line":13,"column":0},"end":{"line":13,"column":68}},"9":{"start":{"line":17,"column":7},"end":{"line":186,"column":null}},"10":{"start":{"line":21,"column":25},"end":{"line":21,"column":41}},"11":{"start":{"line":23,"column":25},"end":{"line":23,"column":41}},"12":{"start":{"line":25,"column":25},"end":{"line":25,"column":44}},"13":{"start":{"line":26,"column":25},"end":{"line":26,"column":37}},"14":{"start":{"line":31,"column":24},"end":{"line":31,"column":40}},"15":{"start":{"line":32,"column":30},"end":{"line":32,"column":31}},"16":{"start":{"line":33,"column":8},"end":{"line":33,"column":45}},"17":{"start":{"line":35,"column":28},"end":{"line":39,"column":10}},"18":{"start":{"line":41,"column":8},"end":{"line":43,"column":null}},"19":{"start":{"line":42,"column":12},"end":{"line":42,"column":93}},"20":{"start":{"line":45,"column":21},"end":{"line":49,"column":10}},"21":{"start":{"line":51,"column":8},"end":{"line":53,"column":null}},"22":{"start":{"line":52,"column":12},"end":{"line":52,"column":128}},"23":{"start":{"line":54,"column":8},"end":{"line":54,"column":28}},"24":{"start":{"line":56,"column":21},"end":{"line":56,"column":60}},"25":{"start":{"line":57,"column":8},"end":{"line":57,"column":44}},"26":{"start":{"line":61,"column":8},"end":{"line":63,"column":null}},"27":{"start":{"line":67,"column":21},"end":{"line":72,"column":11}},"28":{"start":{"line":74,"column":8},"end":{"line":76,"column":null}},"29":{"start":{"line":75,"column":12},"end":{"line":75,"column":84}},"30":{"start":{"line":78,"column":30},"end":{"line":78,"column":81}},"31":{"start":{"line":79,"column":8},"end":{"line":81,"column":null}},"32":{"start":{"line":80,"column":12},"end":{"line":80,"column":87}},"33":{"start":{"line":83,"column":8},"end":{"line":83,"column":29}},"34":{"start":{"line":84,"column":8},"end":{"line":84,"column":44}},"35":{"start":{"line":89,"column":31},"end":{"line":90,"column":86}},"36":{"start":{"line":91,"column":8},"end":{"line":91,"column":null}},"37":{"start":{"line":96,"column":8},"end":{"line":100,"column":null}},"38":{"start":{"line":97,"column":12},"end":{"line":99,"column":null}},"39":{"start":{"line":98,"column":16},"end":{"line":98,"column":97}},"40":{"start":{"line":102,"column":21},"end":{"line":104,"column":10}},"41":{"start":{"line":106,"column":8},"end":{"line":106,"column":42}},"42":{"start":{"line":107,"column":8},"end":{"line":115,"column":null}},"43":{"start":{"line":108,"column":25},"end":{"line":112,"column":14}},"44":{"start":{"line":114,"column":12},"end":{"line":114,"column":29}},"45":{"start":{"line":117,"column":8},"end":{"line":129,"column":null}},"46":{"start":{"line":118,"column":12},"end":{"line":128,"column":null}},"47":{"start":{"line":119,"column":16},"end":{"line":127,"column":null}},"48":{"start":{"line":120,"column":36},"end":{"line":120,"column":69}},"49":{"start":{"line":121,"column":20},"end":{"line":123,"column":null}},"50":{"start":{"line":122,"column":24},"end":{"line":122,"column":95}},"51":{"start":{"line":125,"column":20},"end":{"line":125,"column":45}},"52":{"start":{"line":126,"column":20},"end":{"line":126,"column":57}},"53":{"start":{"line":131,"column":8},"end":{"line":131,"column":46}},"54":{"start":{"line":135,"column":8},"end":{"line":135,"column":39}},"55":{"start":{"line":139,"column":21},"end":{"line":143,"column":10}},"56":{"start":{"line":145,"column":8},"end":{"line":147,"column":null}},"57":{"start":{"line":146,"column":12},"end":{"line":146,"column":76}},"58":{"start":{"line":149,"column":8},"end":{"line":149,"column":20}},"59":{"start":{"line":154,"column":8},"end":{"line":157,"column":null}},"60":{"start":{"line":162,"column":8},"end":{"line":169,"column":15}},"61":{"start":{"line":174,"column":21},"end":{"line":182,"column":10}},"62":{"start":{"line":183,"column":8},"end":{"line":183,"column":25}},"63":{"start":{"line":17,"column":13},"end":{"line":186,"column":null}},"64":{"start":{"line":17,"column":13},"end":{"line":17,"column":24}}},"fnMap":{"0":{"name":"(anonymous_4)","decl":{"start":{"line":19,"column":4},"end":{"line":19,"column":null}},"loc":{"start":{"line":26,"column":47},"end":{"line":27,"column":10}}},"1":{"name":"(anonymous_5)","decl":{"start":{"line":30,"column":4},"end":{"line":30,"column":9}},"loc":{"start":{"line":30,"column":49},"end":{"line":58,"column":5}}},"2":{"name":"(anonymous_6)","decl":{"start":{"line":60,"column":4},"end":{"line":60,"column":21}},"loc":{"start":{"line":60,"column":38},"end":{"line":64,"column":5}}},"3":{"name":"(anonymous_7)","decl":{"start":{"line":66,"column":4},"end":{"line":66,"column":9}},"loc":{"start":{"line":66,"column":42},"end":{"line":85,"column":5}}},"4":{"name":"(anonymous_8)","decl":{"start":{"line":88,"column":4},"end":{"line":88,"column":9}},"loc":{"start":{"line":88,"column":46},"end":{"line":92,"column":5}}},"5":{"name":"(anonymous_9)","decl":{"start":{"line":95,"column":4},"end":{"line":95,"column":9}},"loc":{"start":{"line":95,"column":59},"end":{"line":132,"column":5}}},"6":{"name":"(anonymous_10)","decl":{"start":{"line":134,"column":4},"end":{"line":134,"column":9}},"loc":{"start":{"line":134,"column":30},"end":{"line":136,"column":5}}},"7":{"name":"(anonymous_11)","decl":{"start":{"line":138,"column":4},"end":{"line":138,"column":9}},"loc":{"start":{"line":138,"column":24},"end":{"line":150,"column":5}}},"8":{"name":"(anonymous_12)","decl":{"start":{"line":153,"column":4},"end":{"line":153,"column":9}},"loc":{"start":{"line":153,"column":55},"end":{"line":158,"column":5}}},"9":{"name":"(anonymous_13)","decl":{"start":{"line":161,"column":4},"end":{"line":161,"column":9}},"loc":{"start":{"line":161,"column":30},"end":{"line":170,"column":9}}},"10":{"name":"(anonymous_14)","decl":{"start":{"line":173,"column":4},"end":{"line":173,"column":9}},"loc":{"start":{"line":173,"column":32},"end":{"line":184,"column":5}}}},"branchMap":{"0":{"loc":{"start":{"line":41,"column":8},"end":{"line":43,"column":null}},"type":"if","locations":[{"start":{"line":41,"column":8},"end":{"line":43,"column":null}}]},"1":{"loc":{"start":{"line":51,"column":8},"end":{"line":53,"column":null}},"type":"if","locations":[{"start":{"line":51,"column":8},"end":{"line":53,"column":null}}]},"2":{"loc":{"start":{"line":74,"column":8},"end":{"line":76,"column":null}},"type":"if","locations":[{"start":{"line":74,"column":8},"end":{"line":76,"column":null}}]},"3":{"loc":{"start":{"line":79,"column":8},"end":{"line":81,"column":null}},"type":"if","locations":[{"start":{"line":79,"column":8},"end":{"line":81,"column":null}}]},"4":{"loc":{"start":{"line":96,"column":8},"end":{"line":100,"column":null}},"type":"if","locations":[{"start":{"line":96,"column":8},"end":{"line":100,"column":null}}]},"5":{"loc":{"start":{"line":97,"column":12},"end":{"line":99,"column":null}},"type":"if","locations":[{"start":{"line":97,"column":12},"end":{"line":99,"column":null}}]},"6":{"loc":{"start":{"line":107,"column":8},"end":{"line":115,"column":null}},"type":"if","locations":[{"start":{"line":107,"column":8},"end":{"line":115,"column":null}}]},"7":{"loc":{"start":{"line":117,"column":8},"end":{"line":129,"column":null}},"type":"if","locations":[{"start":{"line":117,"column":8},"end":{"line":129,"column":null}}]},"8":{"loc":{"start":{"line":118,"column":12},"end":{"line":128,"column":null}},"type":"if","locations":[{"start":{"line":118,"column":12},"end":{"line":128,"column":null}}]},"9":{"loc":{"start":{"line":121,"column":20},"end":{"line":123,"column":null}},"type":"if","locations":[{"start":{"line":121,"column":20},"end":{"line":123,"column":null}}]},"10":{"loc":{"start":{"line":145,"column":8},"end":{"line":147,"column":null}},"type":"if","locations":[{"start":{"line":145,"column":8},"end":{"line":147,"column":null}}]}},"s":{"0":2,"1":2,"2":2,"3":2,"4":2,"5":2,"6":2,"7":2,"8":2,"9":2,"10":11,"11":11,"12":11,"13":11,"14":2,"15":2,"16":2,"17":2,"18":2,"19":1,"20":1,"21":1,"22":0,"23":1,"24":1,"25":1,"26":1,"27":3,"28":3,"29":1,"30":2,"31":0,"32":0,"33":0,"34":0,"35":0,"36":0,"37":2,"38":1,"39":1,"40":1,"41":1,"42":1,"43":1,"44":1,"45":1,"46":0,"47":0,"48":0,"49":0,"50":0,"51":0,"52":0,"53":1,"54":0,"55":2,"56":2,"57":1,"58":1,"59":0,"60":0,"61":1,"62":1,"63":2,"64":2},"f":{"0":11,"1":2,"2":1,"3":3,"4":0,"5":2,"6":0,"7":2,"8":0,"9":0,"10":1},"b":{"0":[1],"1":[0],"2":[1],"3":[0],"4":[1],"5":[1],"6":[1],"7":[0],"8":[0],"9":[0],"10":[1]}}
,"/Users/user/Documents/Tehnical-Assigments/Tasky/tasky/src/user/decorators/roles.decorator.ts": {"path":"/Users/user/Documents/Tehnical-Assigments/Tasky/tasky/src/user/decorators/roles.decorator.ts","statementMap":{"0":{"start":{"line":1,"column":0},"end":{"line":1,"column":45}},"1":{"start":{"line":4,"column":13},"end":{"line":4,"column":33}},"2":{"start":{"line":5,"column":21},"end":{"line":5,"column":80}},"3":{"start":{"line":5,"column":51},"end":{"line":5,"column":80}},"4":{"start":{"line":5,"column":13},"end":{"line":5,"column":21}}},"fnMap":{"0":{"name":"(anonymous_0)","decl":{"start":{"line":5,"column":21},"end":{"line":5,"column":22}},"loc":{"start":{"line":5,"column":51},"end":{"line":5,"column":80}}}},"branchMap":{},"s":{"0":2,"1":2,"2":2,"3":8,"4":2},"f":{"0":8},"b":{}}
,"/Users/user/Documents/Tehnical-Assigments/Tasky/tasky/src/user/dto/createUser.dto.ts": {"path":"/Users/user/Documents/Tehnical-Assigments/Tasky/tasky/src/user/dto/createUser.dto.ts","statementMap":{"0":{"start":{"line":1,"column":0},"end":{"line":1,"column":69}},"1":{"start":{"line":2,"column":0},"end":{"line":2,"column":50}},"2":{"start":{"line":8,"column":4},"end":{"line":9,"column":null}},"3":{"start":{"line":10,"column":4},"end":{"line":11,"column":null}},"4":{"start":{"line":12,"column":4},"end":{"line":14,"column":null}},"5":{"start":{"line":15,"column":4},"end":{"line":16,"column":null}},"6":{"start":{"line":19,"column":4},"end":{"line":20,"column":null}},"7":{"start":{"line":5,"column":0},"end":{"line":5,"column":13}}},"fnMap":{},"branchMap":{},"s":{"0":1,"1":1,"2":1,"3":1,"4":1,"5":1,"6":1,"7":1},"f":{},"b":{}}
,"/Users/user/Documents/Tehnical-Assigments/Tasky/tasky/src/user/dto/loginUser.dto.ts": {"path":"/Users/user/Documents/Tehnical-Assigments/Tasky/tasky/src/user/dto/loginUser.dto.ts","statementMap":{"0":{"start":{"line":1,"column":0},"end":{"line":1,"column":55}},"1":{"start":{"line":5,"column":4},"end":{"line":7,"column":null}},"2":{"start":{"line":9,"column":4},"end":{"line":11,"column":null}},"3":{"start":{"line":3,"column":0},"end":{"line":3,"column":13}}},"fnMap":{},"branchMap":{},"s":{"0":1,"1":1,"2":1,"3":1},"f":{},"b":{}}
,"/Users/user/Documents/Tehnical-Assigments/Tasky/tasky/src/user/dto/updateUser.dto.ts": {"path":"/Users/user/Documents/Tehnical-Assigments/Tasky/tasky/src/user/dto/updateUser.dto.ts","statementMap":{"0":{"start":{"line":1,"column":0},"end":{"line":1,"column":74}},"1":{"start":{"line":2,"column":0},"end":{"line":2,"column":50}},"2":{"start":{"line":3,"column":0},"end":{"line":3,"column":50}},"3":{"start":{"line":6,"column":4},"end":{"line":8,"column":null}},"4":{"start":{"line":9,"column":4},"end":{"line":11,"column":null}},"5":{"start":{"line":13,"column":4},"end":{"line":15,"column":null}},"6":{"start":{"line":17,"column":4},"end":{"line":19,"column":null}},"7":{"start":{"line":21,"column":4},"end":{"line":22,"column":null}},"8":{"start":{"line":24,"column":4},"end":{"line":25,"column":null}},"9":{"start":{"line":27,"column":4},"end":{"line":29,"column":null}},"10":{"start":{"line":5,"column":0},"end":{"line":5,"column":13}}},"fnMap":{},"branchMap":{},"s":{"0":1,"1":1,"2":1,"3":1,"4":1,"5":1,"6":1,"7":1,"8":1,"9":1,"10":1},"f":{},"b":{}}
,"/Users/user/Documents/Tehnical-Assigments/Tasky/tasky/src/user/guards/jwt.guard.ts": {"path":"/Users/user/Documents/Tehnical-Assigments/Tasky/tasky/src/user/guards/jwt.guard.ts","statementMap":{"0":{"start":{"line":1,"column":0},"end":{"line":1,"column":44}},"1":{"start":{"line":2,"column":0},"end":{"line":2,"column":45}},"2":{"start":{"line":6,"column":7},"end":{"line":6,"column":null}},"3":{"start":{"line":6,"column":13},"end":{"line":6,"column":null}},"4":{"start":{"line":6,"column":13},"end":{"line":6,"column":25}}},"fnMap":{},"branchMap":{},"s":{"0":2,"1":2,"2":2,"3":2,"4":2},"f":{},"b":{}}
,"/Users/user/Documents/Tehnical-Assigments/Tasky/tasky/src/user/guards/roles.guard.ts": {"path":"/Users/user/Documents/Tehnical-Assigments/Tasky/tasky/src/user/guards/roles.guard.ts","statementMap":{"0":{"start":{"line":2,"column":0},"end":{"line":2,"column":75}},"1":{"start":{"line":3,"column":0},"end":{"line":3,"column":41}},"2":{"start":{"line":4,"column":0},"end":{"line":4,"column":58}},"3":{"start":{"line":8,"column":7},"end":{"line":24,"column":null}},"4":{"start":{"line":9,"column":22},"end":{"line":9,"column":33}},"5":{"start":{"line":12,"column":26},"end":{"line":15,"column":6}},"6":{"start":{"line":16,"column":4},"end":{"line":18,"column":null}},"7":{"start":{"line":17,"column":6},"end":{"line":17,"column":18}},"8":{"start":{"line":19,"column":18},"end":{"line":19,"column":53}},"9":{"start":{"line":20,"column":3},"end":{"line":20,"column":65}},"10":{"start":{"line":20,"column":39},"end":{"line":20,"column":63}},"11":{"start":{"line":8,"column":13},"end":{"line":24,"column":null}},"12":{"start":{"line":8,"column":13},"end":{"line":8,"column":23}}},"fnMap":{"0":{"name":"(anonymous_2)","decl":{"start":{"line":9,"column":2},"end":{"line":9,"column":22}},"loc":{"start":{"line":9,"column":42},"end":{"line":9,"column":46}}},"1":{"name":"(anonymous_3)","decl":{"start":{"line":11,"column":2},"end":{"line":11,"column":13}},"loc":{"start":{"line":11,"column":39},"end":{"line":23,"column":1}}},"2":{"name":"(anonymous_4)","decl":{"start":{"line":20,"column":29},"end":{"line":20,"column":30}},"loc":{"start":{"line":20,"column":39},"end":{"line":20,"column":63}}}},"branchMap":{"0":{"loc":{"start":{"line":16,"column":4},"end":{"line":18,"column":null}},"type":"if","locations":[{"start":{"line":16,"column":4},"end":{"line":18,"column":null}}]}},"s":{"0":2,"1":2,"2":2,"3":2,"4":13,"5":0,"6":0,"7":0,"8":0,"9":0,"10":0,"11":2,"12":2},"f":{"0":13,"1":0,"2":0},"b":{"0":[0]}}
,"/Users/user/Documents/Tehnical-Assigments/Tasky/tasky/src/user/models/role.entity.ts": {"path":"/Users/user/Documents/Tehnical-Assigments/Tasky/tasky/src/user/models/role.entity.ts","statementMap":{"0":{"start":{"line":1,"column":0},"end":{"line":1,"column":91}},"1":{"start":{"line":2,"column":0},"end":{"line":2,"column":50}},"2":{"start":{"line":3,"column":0},"end":{"line":3,"column":43}},"3":{"start":{"line":7,"column":7},"end":{"line":22,"column":null}},"4":{"start":{"line":9,"column":4},"end":{"line":10,"column":null}},"5":{"start":{"line":12,"column":4},"end":{"line":17,"column":null}},"6":{"start":{"line":20,"column":4},"end":{"line":21,"column":null}},"7":{"start":{"line":20,"column":21},"end":{"line":20,"column":31}},"8":{"start":{"line":20,"column":44},"end":{"line":20,"column":54}},"9":{"start":{"line":7,"column":13},"end":{"line":22,"column":null}},"10":{"start":{"line":7,"column":13},"end":{"line":7,"column":23}}},"fnMap":{"0":{"name":"(anonymous_2)","decl":{"start":{"line":20,"column":15},"end":{"line":20,"column":18}},"loc":{"start":{"line":20,"column":21},"end":{"line":20,"column":31}}},"1":{"name":"(anonymous_3)","decl":{"start":{"line":20,"column":33},"end":{"line":20,"column":34}},"loc":{"start":{"line":20,"column":44},"end":{"line":20,"column":54}}}},"branchMap":{},"s":{"0":3,"1":3,"2":3,"3":3,"4":3,"5":3,"6":3,"7":0,"8":0,"9":3,"10":3},"f":{"0":0,"1":0},"b":{}}
,"/Users/user/Documents/Tehnical-Assigments/Tasky/tasky/src/user/models/user.entity.ts": {"path":"/Users/user/Documents/Tehnical-Assigments/Tasky/tasky/src/user/models/user.entity.ts","statementMap":{"0":{"start":{"line":1,"column":0},"end":{"line":1,"column":101}},"1":{"start":{"line":2,"column":0},"end":{"line":2,"column":50}},"2":{"start":{"line":3,"column":0},"end":{"line":3,"column":27}},"3":{"start":{"line":4,"column":0},"end":{"line":4,"column":43}},"4":{"start":{"line":5,"column":0},"end":{"line":5,"column":62}},"5":{"start":{"line":9,"column":7},"end":{"line":48,"column":null}},"6":{"start":{"line":43,"column":8},"end":{"line":46,"column":10}},"7":{"start":{"line":10,"column":4},"end":{"line":11,"column":null}},"8":{"start":{"line":13,"column":4},"end":{"line":14,"column":null}},"9":{"start":{"line":16,"column":4},"end":{"line":17,"column":null}},"10":{"start":{"line":19,"column":4},"end":{"line":20,"column":null}},"11":{"start":{"line":22,"column":4},"end":{"line":23,"column":null}},"12":{"start":{"line":25,"column":4},"end":{"line":27,"column":null}},"13":{"start":{"line":29,"column":4},"end":{"line":30,"column":null}},"14":{"start":{"line":32,"column":4},"end":{"line":33,"column":null}},"15":{"start":{"line":32,"column":19},"end":{"line":32,"column":29}},"16":{"start":{"line":32,"column":39},"end":{"line":32,"column":49}},"17":{"start":{"line":35,"column":4},"end":{"line":36,"column":null}},"18":{"start":{"line":35,"column":21},"end":{"line":35,"column":32}},"19":{"start":{"line":35,"column":45},"end":{"line":35,"column":59}},"20":{"start":{"line":38,"column":4},"end":{"line":39,"column":null}},"21":{"start":{"line":38,"column":21},"end":{"line":38,"column":32}},"22":{"start":{"line":38,"column":50},"end":{"line":38,"column":72}},"23":{"start":{"line":42,"column":10},"end":{"line":47,"column":null}},"24":{"start":{"line":9,"column":13},"end":{"line":48,"column":null}},"25":{"start":{"line":9,"column":13},"end":{"line":9,"column":23}}},"fnMap":{"0":{"name":"(anonymous_2)","decl":{"start":{"line":42,"column":4},"end":{"line":42,"column":9}},"loc":{"start":{"line":42,"column":22},"end":{"line":47,"column":5}}},"1":{"name":"(anonymous_3)","decl":{"start":{"line":32,"column":15},"end":{"line":32,"column":17}},"loc":{"start":{"line":32,"column":19},"end":{"line":32,"column":29}}},"2":{"name":"(anonymous_4)","decl":{"start":{"line":32,"column":31},"end":{"line":32,"column":32}},"loc":{"start":{"line":32,"column":39},"end":{"line":32,"column":49}}},"3":{"name":"(anonymous_5)","decl":{"start":{"line":35,"column":15},"end":{"line":35,"column":18}},"loc":{"start":{"line":35,"column":21},"end":{"line":35,"column":32}}},"4":{"name":"(anonymous_6)","decl":{"start":{"line":35,"column":34},"end":{"line":35,"column":35}},"loc":{"start":{"line":35,"column":45},"end":{"line":35,"column":59}}},"5":{"name":"(anonymous_7)","decl":{"start":{"line":38,"column":15},"end":{"line":38,"column":18}},"loc":{"start":{"line":38,"column":21},"end":{"line":38,"column":32}}},"6":{"name":"(anonymous_8)","decl":{"start":{"line":38,"column":34},"end":{"line":38,"column":35}},"loc":{"start":{"line":38,"column":50},"end":{"line":38,"column":72}}}},"branchMap":{},"s":{"0":3,"1":3,"2":3,"3":3,"4":3,"5":3,"6":0,"7":3,"8":3,"9":3,"10":3,"11":3,"12":3,"13":3,"14":3,"15":0,"16":0,"17":3,"18":0,"19":0,"20":3,"21":0,"22":0,"23":3,"24":3,"25":3},"f":{"0":0,"1":0,"2":0,"3":0,"4":0,"5":0,"6":0},"b":{}}
,"/Users/user/Documents/Tehnical-Assigments/Tasky/tasky/src/user/strategy/jwt.strategy.ts": {"path":"/Users/user/Documents/Tehnical-Assigments/Tasky/tasky/src/user/strategy/jwt.strategy.ts","statementMap":{"0":{"start":{"line":1,"column":0},"end":{"line":1,"column":49}},"1":{"start":{"line":2,"column":0},"end":{"line":2,"column":44}},"2":{"start":{"line":3,"column":0},"end":{"line":3,"column":52}},"3":{"start":{"line":5,"column":0},"end":{"line":5,"column":46}},"4":{"start":{"line":7,"column":7},"end":{"line":25,"column":null}},"5":{"start":{"line":9,"column":4},"end":{"line":13,"column":7}},"6":{"start":{"line":8,"column":31},"end":{"line":8,"column":44}},"7":{"start":{"line":17,"column":22},"end":{"line":17,"column":33}},"8":{"start":{"line":18,"column":17},"end":{"line":18,"column":56}},"9":{"start":{"line":19,"column":4},"end":{"line":22,"column":null}},"10":{"start":{"line":7,"column":13},"end":{"line":25,"column":null}},"11":{"start":{"line":7,"column":13},"end":{"line":7,"column":24}}},"fnMap":{"0":{"name":"(anonymous_2)","decl":{"start":{"line":8,"column":2},"end":{"line":8,"column":31}},"loc":{"start":{"line":8,"column":55},"end":{"line":14,"column":3}}},"1":{"name":"(anonymous_3)","decl":{"start":{"line":16,"column":2},"end":{"line":16,"column":7}},"loc":{"start":{"line":16,"column":29},"end":{"line":24,"column":3}}}},"branchMap":{},"s":{"0":0,"1":0,"2":0,"3":0,"4":0,"5":0,"6":0,"7":0,"8":0,"9":0,"10":0,"11":0},"f":{"0":0,"1":0},"b":{}}
,"/Users/user/Documents/Tehnical-Assigments/Tasky/tasky/src/user/types/gender.enum.ts": {"path":"/Users/user/Documents/Tehnical-Assigments/Tasky/tasky/src/user/types/gender.enum.ts","statementMap":{"0":{"start":{"line":1,"column":0},"end":{"line":1,"column":null}},"1":{"start":{"line":2,"column":4},"end":{"line":2,"column":null}},"2":{"start":{"line":3,"column":4},"end":{"line":3,"column":null}}},"fnMap":{"0":{"name":"(anonymous_0)","decl":{"start":{"line":1,"column":0},"end":{"line":1,"column":12}},"loc":{"start":{"line":1,"column":22},"end":{"line":4,"column":1}}}},"branchMap":{"0":{"loc":{"start":{"line":1,"column":12},"end":{"line":1,"column":null}},"type":"binary-expr","locations":[{"start":{"line":1,"column":12},"end":{"line":1,"column":22}},{"start":{"line":1,"column":12},"end":{"line":1,"column":null}}]}},"s":{"0":3,"1":3,"2":3},"f":{"0":3},"b":{"0":[3,3]}}
,"/Users/user/Documents/Tehnical-Assigments/Tasky/tasky/src/user/types/role.enum.ts": {"path":"/Users/user/Documents/Tehnical-Assigments/Tasky/tasky/src/user/types/role.enum.ts","statementMap":{"0":{"start":{"line":1,"column":0},"end":{"line":1,"column":null}},"1":{"start":{"line":2,"column":4},"end":{"line":2,"column":null}},"2":{"start":{"line":3,"column":4},"end":{"line":3,"column":null}},"3":{"start":{"line":4,"column":4},"end":{"line":4,"column":null}}},"fnMap":{"0":{"name":"(anonymous_0)","decl":{"start":{"line":1,"column":0},"end":{"line":1,"column":12}},"loc":{"start":{"line":1,"column":24},"end":{"line":5,"column":1}}}},"branchMap":{"0":{"loc":{"start":{"line":1,"column":12},"end":{"line":1,"column":null}},"type":"binary-expr","locations":[{"start":{"line":1,"column":12},"end":{"line":1,"column":24}},{"start":{"line":1,"column":12},"end":{"line":1,"column":null}}]}},"s":{"0":3,"1":3,"2":3,"3":3},"f":{"0":3},"b":{"0":[3,3]}}
}
