TN:
SF:src/app.module.ts
FNF:0
FNH:0
DA:1,0
DA:3,0
DA:5,0
DA:6,0
DA:7,0
DA:8,0
DA:12,0
DA:28,0
LF:8
LH:0
BRF:0
BRH:0
end_of_record
TN:
SF:src/main.ts
FN:6,bootstrap
FNF:1
FNH:0
FNDA:0,bootstrap
DA:1,0
DA:3,0
DA:4,0
DA:7,0
DA:8,0
DA:15,0
DA:16,0
DA:18,0
LF:8
LH:0
BRF:0
BRH:0
end_of_record
TN:
SF:src/db/data-source.ts
FNF:0
FNH:0
DA:1,0
DA:5,0
DA:6,0
DA:17,0
DA:31,0
DA:35,0
LF:6
LH:0
BRDA:5,0,0,0
BRDA:5,0,1,0
BRF:2
BRH:0
end_of_record
TN:
SF:src/db/migrations/1672275510817-migration.ts
FN:3,(anonymous_0)
FN:6,(anonymous_1)
FN:27,(anonymous_2)
FNF:3
FNH:0
FNDA:0,(anonymous_0)
FNDA:0,(anonymous_1)
FNDA:0,(anonymous_2)
DA:3,0
DA:4,0
DA:7,0
DA:8,0
DA:9,0
DA:10,0
DA:11,0
DA:12,0
DA:13,0
DA:14,0
DA:15,0
DA:16,0
DA:17,0
DA:18,0
DA:19,0
DA:20,0
DA:21,0
DA:22,0
DA:23,0
DA:24,0
DA:28,0
DA:29,0
DA:30,0
DA:31,0
DA:32,0
DA:33,0
DA:34,0
DA:35,0
DA:36,0
DA:37,0
DA:38,0
DA:39,0
DA:40,0
DA:41,0
DA:42,0
DA:43,0
DA:44,0
LF:37
LH:0
BRF:0
BRH:0
end_of_record
TN:
SF:src/db/seeders/user.seeder.ts
FN:9,(anonymous_0)
FNF:1
FNH:0
FNDA:0,(anonymous_0)
DA:1,0
DA:2,0
DA:3,0
DA:4,0
DA:5,0
DA:8,0
DA:11,0
DA:12,0
DA:13,0
DA:15,0
DA:16,0
DA:17,0
DA:18,0
DA:19,0
DA:20,0
DA:22,0
DA:24,0
LF:17
LH:0
BRF:0
BRH:0
end_of_record
TN:
SF:src/projects/projects.controller.ts
FN:29,(anonymous_4)
FN:34,(anonymous_5)
FN:43,(anonymous_6)
FN:51,(anonymous_7)
FN:59,(anonymous_8)
FN:73,(anonymous_9)
FNF:6
FNH:6
FNDA:6,(anonymous_4)
FNDA:1,(anonymous_5)
FNDA:1,(anonymous_6)
FNDA:1,(anonymous_7)
FNDA:1,(anonymous_8)
FNDA:1,(anonymous_9)
DA:1,1
DA:15,1
DA:16,1
DA:17,1
DA:18,1
DA:19,1
DA:20,1
DA:28,1
DA:29,6
DA:34,1
DA:35,1
DA:43,1
DA:45,1
DA:51,1
DA:52,1
DA:59,1
DA:63,1
DA:64,1
DA:73,1
DA:74,1
LF:20
LH:20
BRDA:61,0,0,0
BRDA:62,1,0,0
BRDA:63,2,0,0
BRDA:63,2,1,1
BRF:4
BRH:1
end_of_record
TN:
SF:src/projects/projects.module.ts
FNF:0
FNH:0
DA:1,0
DA:2,0
DA:3,0
DA:4,0
DA:5,0
DA:6,0
DA:7,0
DA:8,0
DA:15,0
LF:9
LH:0
BRF:0
BRH:0
end_of_record
TN:
SF:src/projects/projects.service.ts
FN:14,(anonymous_4)
FN:24,(anonymous_5)
FN:51,(anonymous_6)
FN:89,(anonymous_7)
FN:103,(anonymous_8)
FN:119,(anonymous_9)
FN:124,(anonymous_10)
FN:137,(anonymous_11)
FN:151,(anonymous_12)
FNF:9
FNH:0
FNDA:0,(anonymous_4)
FNDA:0,(anonymous_5)
FNDA:0,(anonymous_6)
FNDA:0,(anonymous_7)
FNDA:0,(anonymous_8)
FNDA:0,(anonymous_9)
FNDA:0,(anonymous_10)
FNDA:0,(anonymous_11)
FNDA:0,(anonymous_12)
DA:1,1
DA:2,1
DA:3,1
DA:4,1
DA:5,1
DA:6,1
DA:7,1
DA:9,1
DA:12,1
DA:16,0
DA:18,0
DA:20,0
DA:25,0
DA:26,0
DA:31,0
DA:32,0
DA:35,0
DA:37,0
DA:38,0
DA:41,0
DA:43,0
DA:45,0
DA:47,0
DA:52,0
DA:57,0
DA:58,0
DA:61,0
DA:62,0
DA:65,0
DA:67,0
DA:68,0
DA:69,0
DA:72,0
DA:73,0
DA:76,0
DA:77,0
DA:78,0
DA:81,0
DA:83,0
DA:85,0
DA:91,0
DA:92,0
DA:95,0
DA:104,0
DA:105,0
DA:108,0
DA:111,0
DA:115,0
DA:120,0
DA:125,0
DA:129,0
DA:130,0
DA:138,0
DA:143,0
DA:144,0
DA:147,0
DA:152,0
LF:57
LH:9
BRDA:31,0,0,0
BRDA:37,1,0,0
BRDA:57,2,0,0
BRDA:61,3,0,0
BRDA:67,4,0,0
BRDA:72,5,0,0
BRDA:77,6,0,0
BRDA:91,7,0,0
BRDA:104,8,0,0
BRDA:129,9,0,0
BRDA:143,10,0,0
BRF:11
BRH:0
end_of_record
TN:
SF:src/projects/dto/create.project.dto.ts
FNF:0
FNH:0
DA:1,1
DA:4,1
DA:5,1
DA:9,1
LF:4
LH:4
BRF:0
BRH:0
end_of_record
TN:
SF:src/projects/models/projects.entity.ts
FN:10,(anonymous_2)
FN:14,(anonymous_3)
FN:21,(anonymous_4)
FN:21,(anonymous_5)
FNF:4
FNH:0
FNDA:0,(anonymous_2)
FNDA:0,(anonymous_3)
FNDA:0,(anonymous_4)
FNDA:0,(anonymous_5)
DA:1,3
DA:2,3
DA:3,3
DA:6,3
DA:7,3
DA:10,3
DA:14,3
DA:18,3
DA:21,3
LF:9
LH:9
BRF:0
BRH:0
end_of_record
TN:
SF:src/tasks/tasks.controller.ts
FN:21,(anonymous_4)
FN:31,(anonymous_5)
FN:41,(anonymous_6)
FN:52,(anonymous_7)
FN:63,(anonymous_8)
FN:88,(anonymous_9)
FN:99,(anonymous_10)
FNF:7
FNH:0
FNDA:0,(anonymous_4)
FNDA:0,(anonymous_5)
FNDA:0,(anonymous_6)
FNDA:0,(anonymous_7)
FNDA:0,(anonymous_8)
FNDA:0,(anonymous_9)
FNDA:0,(anonymous_10)
DA:1,0
DA:6,0
DA:7,0
DA:8,0
DA:9,0
DA:10,0
DA:11,0
DA:12,0
DA:14,0
DA:19,0
DA:21,0
DA:31,0
DA:32,0
DA:41,0
DA:42,0
DA:52,0
DA:53,0
DA:63,0
DA:68,0
DA:69,0
DA:71,0
DA:72,0
DA:88,0
DA:89,0
DA:99,0
DA:102,0
LF:26
LH:0
BRDA:64,0,0,0
BRDA:65,1,0,0
BRDA:68,2,0,0
BRDA:68,2,1,0
BRDA:68,3,0,0
BRDA:68,3,1,0
BRDA:71,4,0,0
BRDA:71,4,1,0
BRDA:99,5,0,0
BRDA:100,6,0,0
BRF:10
BRH:0
end_of_record
TN:
SF:src/tasks/tasks.module.ts
FNF:0
FNH:0
DA:1,0
DA:2,0
DA:3,0
DA:4,0
DA:5,0
DA:6,0
DA:7,0
DA:16,0
LF:8
LH:0
BRF:0
BRH:0
end_of_record
TN:
SF:src/tasks/tasks.service.ts
FN:16,(anonymous_4)
FN:25,(anonymous_5)
FN:60,(anonymous_6)
FN:108,(anonymous_7)
FN:123,(anonymous_8)
FN:137,(anonymous_9)
FN:145,(anonymous_10)
FN:153,(anonymous_11)
FN:162,(anonymous_12)
FN:169,(anonymous_13)
FN:176,(anonymous_14)
FN:190,(anonymous_15)
FN:200,(anonymous_16)
FNF:13
FNH:0
FNDA:0,(anonymous_4)
FNDA:0,(anonymous_5)
FNDA:0,(anonymous_6)
FNDA:0,(anonymous_7)
FNDA:0,(anonymous_8)
FNDA:0,(anonymous_9)
FNDA:0,(anonymous_10)
FNDA:0,(anonymous_11)
FNDA:0,(anonymous_12)
FNDA:0,(anonymous_13)
FNDA:0,(anonymous_14)
FNDA:0,(anonymous_15)
FNDA:0,(anonymous_16)
DA:1,0
DA:2,0
DA:3,0
DA:4,0
DA:5,0
DA:6,0
DA:7,0
DA:11,0
DA:15,0
DA:18,0
DA:20,0
DA:22,0
DA:27,0
DA:28,0
DA:32,0
DA:33,0
DA:34,0
DA:35,0
DA:37,0
DA:38,0
DA:39,0
DA:40,0
DA:43,0
DA:46,0
DA:47,0
DA:48,0
DA:49,0
DA:52,0
DA:54,0
DA:57,0
DA:61,0
DA:62,0
DA:63,0
DA:67,0
DA:68,0
DA:71,0
DA:76,0
DA:77,0
DA:80,0
DA:82,0
DA:83,0
DA:84,0
DA:85,0
DA:88,0
DA:89,0
DA:93,0
DA:94,0
DA:95,0
DA:96,0
DA:99,0
DA:103,0
DA:104,0
DA:110,0
DA:114,0
DA:115,0
DA:118,0
DA:119,0
DA:124,0
DA:125,0
DA:128,0
DA:133,0
DA:138,0
DA:139,0
DA:141,0
DA:146,0
DA:154,0
DA:163,0
DA:170,0
DA:177,0
DA:182,0
DA:183,0
DA:186,0
DA:191,0
DA:192,0
DA:196,0
DA:201,0
DA:203,0
DA:205,0
DA:206,0
DA:207,0
DA:210,0
DA:211,0
DA:212,0
DA:216,0
DA:217,0
DA:220,0
DA:221,0
DA:224,0
LF:88
LH:0
BRDA:27,0,0,0
BRDA:37,1,0,0
BRDA:39,2,0,0
BRDA:46,3,0,0
BRDA:48,4,0,0
BRDA:61,5,0,0
BRDA:62,6,0,0
BRDA:67,7,0,0
BRDA:76,8,0,0
BRDA:82,9,0,0
BRDA:84,10,0,0
BRDA:93,11,0,0
BRDA:95,12,0,0
BRDA:114,13,0,0
BRDA:124,14,0,0
BRDA:138,15,0,0
BRDA:182,16,0,0
BRDA:205,17,0,0
BRDA:210,18,0,0
BRDA:211,19,0,0
BRDA:211,20,0,0
BRDA:211,20,1,0
BRDA:216,21,0,0
BRDA:220,22,0,0
BRF:24
BRH:0
end_of_record
TN:
SF:src/tasks/dto/createTask.dto.ts
FNF:0
FNH:0
DA:1,0
DA:2,0
DA:4,0
DA:6,0
DA:10,0
DA:14,0
DA:17,0
DA:20,0
DA:24,0
LF:9
LH:0
BRF:0
BRH:0
end_of_record
TN:
SF:src/tasks/dto/filter.dto.ts
FN:12,(anonymous_2)
FN:21,(anonymous_3)
FNF:2
FNH:0
FNDA:0,(anonymous_2)
FNDA:0,(anonymous_3)
DA:2,0
DA:3,0
DA:6,0
DA:10,0
DA:13,0
DA:14,0
DA:15,0
DA:19,0
DA:22,0
DA:25,0
DA:29,0
LF:11
LH:0
BRDA:13,0,0,0
BRDA:13,1,0,0
BRDA:13,1,1,0
BRDA:14,2,0,0
BRDA:14,3,0,0
BRDA:14,3,1,0
BRF:6
BRH:0
end_of_record
TN:
SF:src/tasks/dto/updateTasks.dto.ts
FNF:0
FNH:0
DA:1,0
DA:2,0
DA:4,0
LF:3
LH:0
BRF:0
BRH:0
end_of_record
TN:
SF:src/tasks/models/tasks.entity.ts
FN:26,(anonymous_2)
FN:26,(anonymous_3)
FN:29,(anonymous_4)
FN:29,(anonymous_5)
FN:32,(anonymous_6)
FN:32,(anonymous_7)
FNF:6
FNH:0
FNDA:0,(anonymous_2)
FNDA:0,(anonymous_3)
FNDA:0,(anonymous_4)
FNDA:0,(anonymous_5)
FNDA:0,(anonymous_6)
FNDA:0,(anonymous_7)
DA:1,3
DA:2,3
DA:3,3
DA:4,3
DA:8,3
DA:9,3
DA:12,3
DA:17,3
DA:20,3
DA:23,3
DA:26,3
DA:29,3
DA:32,3
LF:13
LH:13
BRF:0
BRH:0
end_of_record
TN:
SF:src/tasks/types/priority.enum.ts
FN:1,(anonymous_0)
FNF:1
FNH:1
FNDA:3,(anonymous_0)
DA:1,3
DA:2,3
DA:3,3
DA:4,3
LF:4
LH:4
BRDA:1,0,0,3
BRDA:1,0,1,3
BRF:2
BRH:2
end_of_record
TN:
SF:src/tasks/types/sort.enum.ts
FN:1,(anonymous_0)
FNF:1
FNH:0
FNDA:0,(anonymous_0)
DA:1,0
DA:2,0
DA:3,0
LF:3
LH:0
BRDA:1,0,0,0
BRDA:1,0,1,0
BRF:2
BRH:0
end_of_record
TN:
SF:src/user/user.controller.ts
FN:15,(anonymous_4)
FN:19,(anonymous_5)
FN:25,(anonymous_6)
FN:33,(anonymous_7)
FN:40,(anonymous_8)
FN:53,(anonymous_9)
FN:60,(anonymous_10)
FNF:7
FNH:7
FNDA:7,(anonymous_4)
FNDA:1,(anonymous_5)
FNDA:1,(anonymous_6)
FNDA:1,(anonymous_7)
FNDA:1,(anonymous_8)
FNDA:1,(anonymous_9)
FNDA:1,(anonymous_10)
DA:1,1
DA:3,1
DA:4,1
DA:5,1
DA:6,1
DA:7,1
DA:8,1
DA:10,1
DA:11,1
DA:13,1
DA:15,7
DA:19,1
DA:20,1
DA:25,1
DA:26,1
DA:33,1
DA:34,1
DA:40,1
DA:43,1
DA:44,1
DA:53,1
DA:54,1
DA:60,1
DA:61,1
LF:24
LH:24
BRDA:41,0,0,0
BRDA:42,1,0,0
BRDA:43,2,0,0
BRDA:43,2,1,1
BRF:4
BRH:1
end_of_record
TN:
SF:src/user/user.module.ts
FNF:0
FNH:0
DA:1,0
DA:2,0
DA:3,0
DA:4,0
DA:5,0
DA:6,0
DA:7,0
DA:8,0
DA:9,0
DA:10,0
DA:19,0
LF:11
LH:0
BRF:0
BRH:0
end_of_record
TN:
SF:src/user/user.service.ts
FN:19,(anonymous_4)
FN:30,(anonymous_5)
FN:60,(anonymous_6)
FN:66,(anonymous_7)
FN:88,(anonymous_8)
FN:95,(anonymous_9)
FN:134,(anonymous_10)
FN:138,(anonymous_11)
FN:153,(anonymous_12)
FN:161,(anonymous_13)
FN:173,(anonymous_14)
FNF:11
FNH:7
FNDA:11,(anonymous_4)
FNDA:2,(anonymous_5)
FNDA:1,(anonymous_6)
FNDA:3,(anonymous_7)
FNDA:0,(anonymous_8)
FNDA:2,(anonymous_9)
FNDA:0,(anonymous_10)
FNDA:2,(anonymous_11)
FNDA:0,(anonymous_12)
FNDA:0,(anonymous_13)
FNDA:1,(anonymous_14)
DA:1,2
DA:2,2
DA:3,2
DA:5,2
DA:6,2
DA:9,2
DA:10,2
DA:11,2
DA:13,2
DA:17,2
DA:21,11
DA:23,11
DA:25,11
DA:26,11
DA:31,2
DA:32,2
DA:33,2
DA:35,2
DA:41,2
DA:42,1
DA:45,1
DA:51,1
DA:52,0
DA:54,1
DA:56,1
DA:57,1
DA:61,1
DA:67,3
DA:74,3
DA:75,1
DA:78,2
DA:79,0
DA:80,0
DA:83,0
DA:84,0
DA:89,0
DA:91,0
DA:96,2
DA:97,1
DA:98,1
DA:102,1
DA:106,1
DA:107,1
DA:108,1
DA:114,1
DA:117,1
DA:118,0
DA:119,0
DA:120,0
DA:121,0
DA:122,0
DA:125,0
DA:126,0
DA:131,1
DA:135,0
DA:139,2
DA:145,2
DA:146,1
DA:149,1
DA:154,0
DA:162,0
DA:174,1
DA:183,1
LF:63
LH:46
BRDA:41,0,0,1
BRDA:51,1,0,0
BRDA:74,2,0,1
BRDA:79,3,0,0
BRDA:96,4,0,1
BRDA:97,5,0,1
BRDA:107,6,0,1
BRDA:117,7,0,0
BRDA:118,8,0,0
BRDA:121,9,0,0
BRDA:145,10,0,1
BRF:11
BRH:6
end_of_record
TN:
SF:src/user/decorators/roles.decorator.ts
FN:5,(anonymous_0)
FNF:1
FNH:1
FNDA:8,(anonymous_0)
DA:1,2
DA:4,2
DA:5,8
LF:3
LH:3
BRF:0
BRH:0
end_of_record
TN:
SF:src/user/dto/createUser.dto.ts
FNF:0
FNH:0
DA:1,1
DA:2,1
DA:5,1
DA:8,1
DA:10,1
DA:12,1
DA:15,1
DA:19,1
LF:8
LH:8
BRF:0
BRH:0
end_of_record
TN:
SF:src/user/dto/loginUser.dto.ts
FNF:0
FNH:0
DA:1,1
DA:3,1
DA:5,1
DA:9,1
LF:4
LH:4
BRF:0
BRH:0
end_of_record
TN:
SF:src/user/dto/updateUser.dto.ts
FNF:0
FNH:0
DA:1,1
DA:2,1
DA:3,1
DA:5,1
DA:6,1
DA:9,1
DA:13,1
DA:17,1
DA:21,1
DA:24,1
DA:27,1
LF:11
LH:11
BRF:0
BRH:0
end_of_record
TN:
SF:src/user/guards/jwt.guard.ts
FNF:0
FNH:0
DA:1,2
DA:2,2
DA:6,2
LF:3
LH:3
BRF:0
BRH:0
end_of_record
TN:
SF:src/user/guards/roles.guard.ts
FN:9,(anonymous_2)
FN:11,(anonymous_3)
FN:20,(anonymous_4)
FNF:3
FNH:1
FNDA:13,(anonymous_2)
FNDA:0,(anonymous_3)
FNDA:0,(anonymous_4)
DA:2,2
DA:3,2
DA:4,2
DA:8,2
DA:9,13
DA:12,0
DA:16,0
DA:17,0
DA:19,0
DA:20,0
LF:10
LH:5
BRDA:16,0,0,0
BRF:1
BRH:0
end_of_record
TN:
SF:src/user/models/role.entity.ts
FN:20,(anonymous_2)
FN:20,(anonymous_3)
FNF:2
FNH:0
FNDA:0,(anonymous_2)
FNDA:0,(anonymous_3)
DA:1,3
DA:2,3
DA:3,3
DA:7,3
DA:9,3
DA:12,3
DA:20,3
LF:7
LH:7
BRF:0
BRH:0
end_of_record
TN:
SF:src/user/models/user.entity.ts
FN:42,(anonymous_2)
FN:32,(anonymous_3)
FN:32,(anonymous_4)
FN:35,(anonymous_5)
FN:35,(anonymous_6)
FN:38,(anonymous_7)
FN:38,(anonymous_8)
FNF:7
FNH:0
FNDA:0,(anonymous_2)
FNDA:0,(anonymous_3)
FNDA:0,(anonymous_4)
FNDA:0,(anonymous_5)
FNDA:0,(anonymous_6)
FNDA:0,(anonymous_7)
FNDA:0,(anonymous_8)
DA:1,3
DA:2,3
DA:3,3
DA:4,3
DA:5,3
DA:9,3
DA:10,3
DA:13,3
DA:16,3
DA:19,3
DA:22,3
DA:25,3
DA:29,3
DA:32,3
DA:35,3
DA:38,3
DA:42,3
DA:43,0
LF:18
LH:17
BRF:0
BRH:0
end_of_record
TN:
SF:src/user/strategy/jwt.strategy.ts
FN:8,(anonymous_2)
FN:16,(anonymous_3)
FNF:2
FNH:0
FNDA:0,(anonymous_2)
FNDA:0,(anonymous_3)
DA:1,0
DA:2,0
DA:3,0
DA:5,0
DA:7,0
DA:8,0
DA:9,0
DA:17,0
DA:18,0
DA:19,0
LF:10
LH:0
BRF:0
BRH:0
end_of_record
TN:
SF:src/user/types/gender.enum.ts
FN:1,(anonymous_0)
FNF:1
FNH:1
FNDA:3,(anonymous_0)
DA:1,3
DA:2,3
DA:3,3
LF:3
LH:3
BRDA:1,0,0,3
BRDA:1,0,1,3
BRF:2
BRH:2
end_of_record
TN:
SF:src/user/types/role.enum.ts
FN:1,(anonymous_0)
FNF:1
FNH:1
FNDA:3,(anonymous_0)
DA:1,3
DA:2,3
DA:3,3
DA:4,3
LF:4
LH:4
BRDA:1,0,0,3
BRDA:1,0,1,3
BRF:2
BRH:2
end_of_record
